{"/Users/mitos/IdeaProjects/hw5-Mitchell-Osborn/ricebook/src/actions.js": {"path":"/Users/mitos/IdeaProjects/hw5-Mitchell-Osborn/ricebook/src/actions.js","statementMap":{"0":{"start":{"line":4,"column":25},"end":{"line":4,"column":42}},"1":{"start":{"line":5,"column":24},"end":{"line":5,"column":34}},"2":{"start":{"line":6,"column":25},"end":{"line":6,"column":36}},"3":{"start":{"line":7,"column":27},"end":{"line":7,"column":40}},"4":{"start":{"line":8,"column":29},"end":{"line":8,"column":44}},"5":{"start":{"line":9,"column":27},"end":{"line":9,"column":40}},"6":{"start":{"line":10,"column":21},"end":{"line":10,"column":28}},"7":{"start":{"line":11,"column":22},"end":{"line":11,"column":30}},"8":{"start":{"line":12,"column":29},"end":{"line":12,"column":44}},"9":{"start":{"line":13,"column":31},"end":{"line":13,"column":48}},"10":{"start":{"line":20,"column":4},"end":{"line":20,"column":33}},"11":{"start":{"line":24,"column":4},"end":{"line":24,"column":35}},"12":{"start":{"line":28,"column":4},"end":{"line":28,"column":35}},"13":{"start":{"line":32,"column":4},"end":{"line":32,"column":36}},"14":{"start":{"line":36,"column":4},"end":{"line":36,"column":48}},"15":{"start":{"line":40,"column":4},"end":{"line":40,"column":37}},"16":{"start":{"line":44,"column":4},"end":{"line":44,"column":44}},"17":{"start":{"line":48,"column":4},"end":{"line":48,"column":25}},"18":{"start":{"line":52,"column":4},"end":{"line":52,"column":42}},"19":{"start":{"line":56,"column":4},"end":{"line":56,"column":44}}},"fnMap":{"0":{"name":"addPost","decl":{"start":{"line":19,"column":16},"end":{"line":19,"column":23}},"loc":{"start":{"line":19,"column":30},"end":{"line":21,"column":1}},"line":19},"1":{"name":"getPosts","decl":{"start":{"line":23,"column":16},"end":{"line":23,"column":24}},"loc":{"start":{"line":23,"column":32},"end":{"line":25,"column":1}},"line":23},"2":{"name":"getUsers","decl":{"start":{"line":27,"column":16},"end":{"line":27,"column":24}},"loc":{"start":{"line":27,"column":32},"end":{"line":29,"column":1}},"line":27},"3":{"name":"followUser","decl":{"start":{"line":31,"column":16},"end":{"line":31,"column":26}},"loc":{"start":{"line":31,"column":33},"end":{"line":33,"column":1}},"line":31},"4":{"name":"unfollowUser","decl":{"start":{"line":35,"column":16},"end":{"line":35,"column":28}},"loc":{"start":{"line":35,"column":45},"end":{"line":37,"column":1}},"line":35},"5":{"name":"queryPosts","decl":{"start":{"line":39,"column":16},"end":{"line":39,"column":26}},"loc":{"start":{"line":39,"column":34},"end":{"line":41,"column":1}},"line":39},"6":{"name":"login","decl":{"start":{"line":43,"column":16},"end":{"line":43,"column":21}},"loc":{"start":{"line":43,"column":42},"end":{"line":45,"column":1}},"line":43},"7":{"name":"logout","decl":{"start":{"line":47,"column":16},"end":{"line":47,"column":22}},"loc":{"start":{"line":47,"column":25},"end":{"line":49,"column":1}},"line":47},"8":{"name":"registerUser","decl":{"start":{"line":51,"column":16},"end":{"line":51,"column":28}},"loc":{"start":{"line":51,"column":39},"end":{"line":53,"column":1}},"line":51},"9":{"name":"updateHeadline","decl":{"start":{"line":55,"column":16},"end":{"line":55,"column":30}},"loc":{"start":{"line":55,"column":41},"end":{"line":57,"column":1}},"line":55}},"branchMap":{},"s":{"0":1,"1":1,"2":1,"3":1,"4":1,"5":1,"6":1,"7":1,"8":1,"9":1,"10":0,"11":9,"12":9,"13":1,"14":1,"15":10,"16":8,"17":1,"18":1,"19":0},"f":{"0":0,"1":9,"2":9,"3":1,"4":1,"5":10,"6":8,"7":1,"8":1,"9":0},"b":{},"_coverageSchema":"1a1c01bbd47fc00a2c39e90264f33305004495a9","hash":"2de3d27c85efa9eb394f8fb3d4f3fcdbb8d65c22"}
,"/Users/mitos/IdeaProjects/hw5-Mitchell-Osborn/ricebook/src/configureStore.js": {"path":"/Users/mitos/IdeaProjects/hw5-Mitchell-Osborn/ricebook/src/configureStore.js","statementMap":{"0":{"start":{"line":6,"column":22},"end":{"line":9,"column":1}},"1":{"start":{"line":11,"column":25},"end":{"line":11,"column":71}},"2":{"start":{"line":14,"column":16},"end":{"line":14,"column":45}},"3":{"start":{"line":15,"column":20},"end":{"line":15,"column":39}},"4":{"start":{"line":16,"column":4},"end":{"line":16,"column":31}}},"fnMap":{"0":{"name":"configureStore","decl":{"start":{"line":13,"column":9},"end":{"line":13,"column":23}},"loc":{"start":{"line":13,"column":26},"end":{"line":17,"column":1}},"line":13}},"branchMap":{},"s":{"0":0,"1":0,"2":0,"3":0,"4":0},"f":{"0":0},"b":{}}
,"/Users/mitos/IdeaProjects/hw5-Mitchell-Osborn/ricebook/src/index.js": {"path":"/Users/mitos/IdeaProjects/hw5-Mitchell-Osborn/ricebook/src/index.js","statementMap":{"0":{"start":{"line":14,"column":25},"end":{"line":14,"column":41}},"1":{"start":{"line":16,"column":0},"end":{"line":36,"column":2}},"2":{"start":{"line":41,"column":0},"end":{"line":41,"column":18}}},"fnMap":{},"branchMap":{},"s":{"0":0,"1":0,"2":0},"f":{},"b":{}}
,"/Users/mitos/IdeaProjects/hw5-Mitchell-Osborn/ricebook/src/reducers.js": {"path":"/Users/mitos/IdeaProjects/hw5-Mitchell-Osborn/ricebook/src/reducers.js","statementMap":{"0":{"start":{"line":15,"column":21},"end":{"line":30,"column":1}},"1":{"start":{"line":31,"column":20},"end":{"line":31,"column":243}},"2":{"start":{"line":32,"column":17},"end":{"line":32,"column":428}},"3":{"start":{"line":37,"column":15},"end":{"line":37,"column":63}},"4":{"start":{"line":38,"column":15},"end":{"line":38,"column":68}},"5":{"start":{"line":39,"column":4},"end":{"line":39,"column":24}},"6":{"start":{"line":40,"column":4},"end":{"line":40,"column":16}},"7":{"start":{"line":43,"column":4},"end":{"line":157,"column":5}},"8":{"start":{"line":46,"column":26},"end":{"line":46,"column":37}},"9":{"start":{"line":47,"column":12},"end":{"line":47,"column":48}},"10":{"start":{"line":48,"column":12},"end":{"line":48,"column":59}},"11":{"start":{"line":49,"column":12},"end":{"line":49,"column":184}},"12":{"start":{"line":50,"column":12},"end":{"line":50,"column":18}},"13":{"start":{"line":52,"column":33},"end":{"line":52,"column":35}},"14":{"start":{"line":53,"column":28},"end":{"line":53,"column":30}},"15":{"start":{"line":54,"column":32},"end":{"line":54,"column":33}},"16":{"start":{"line":55,"column":24},"end":{"line":55,"column":34}},"17":{"start":{"line":56,"column":26},"end":{"line":56,"column":90}},"18":{"start":{"line":57,"column":12},"end":{"line":70,"column":13}},"19":{"start":{"line":58,"column":48},"end":{"line":58,"column":53}},"20":{"start":{"line":59,"column":27},"end":{"line":59,"column":164}},"21":{"start":{"line":61,"column":16},"end":{"line":67,"column":17}},"22":{"start":{"line":61,"column":55},"end":{"line":61,"column":62}},"23":{"start":{"line":62,"column":20},"end":{"line":64,"column":21}},"24":{"start":{"line":63,"column":24},"end":{"line":63,"column":113}},"25":{"start":{"line":65,"column":20},"end":{"line":65,"column":45}},"26":{"start":{"line":66,"column":20},"end":{"line":66,"column":74}},"27":{"start":{"line":68,"column":16},"end":{"line":68,"column":36}},"28":{"start":{"line":72,"column":12},"end":{"line":72,"column":70}},"29":{"start":{"line":72,"column":56},"end":{"line":72,"column":69}},"30":{"start":{"line":73,"column":12},"end":{"line":73,"column":60}},"31":{"start":{"line":73,"column":46},"end":{"line":73,"column":59}},"32":{"start":{"line":76,"column":12},"end":{"line":76,"column":74}},"33":{"start":{"line":81,"column":27},"end":{"line":81,"column":29}},"34":{"start":{"line":82,"column":32},"end":{"line":82,"column":34}},"35":{"start":{"line":83,"column":30},"end":{"line":83,"column":31}},"36":{"start":{"line":89,"column":12},"end":{"line":92,"column":14}},"37":{"start":{"line":90,"column":16},"end":{"line":90,"column":109}},"38":{"start":{"line":91,"column":16},"end":{"line":91,"column":66}},"39":{"start":{"line":93,"column":12},"end":{"line":95,"column":14}},"40":{"start":{"line":94,"column":16},"end":{"line":94,"column":75}},"41":{"start":{"line":97,"column":12},"end":{"line":97,"column":76}},"42":{"start":{"line":99,"column":28},"end":{"line":99,"column":91}},"43":{"start":{"line":99,"column":55},"end":{"line":99,"column":90}},"44":{"start":{"line":101,"column":12},"end":{"line":103,"column":13}},"45":{"start":{"line":102,"column":16},"end":{"line":102,"column":134}},"46":{"start":{"line":105,"column":12},"end":{"line":105,"column":25}},"47":{"start":{"line":108,"column":31},"end":{"line":108,"column":105}},"48":{"start":{"line":108,"column":66},"end":{"line":108,"column":104}},"49":{"start":{"line":109,"column":12},"end":{"line":109,"column":104}},"50":{"start":{"line":112,"column":12},"end":{"line":117,"column":13}},"51":{"start":{"line":113,"column":16},"end":{"line":113,"column":237}},"52":{"start":{"line":113,"column":63},"end":{"line":113,"column":236}},"53":{"start":{"line":113,"column":127},"end":{"line":113,"column":138}},"54":{"start":{"line":116,"column":16},"end":{"line":116,"column":163}},"55":{"start":{"line":116,"column":63},"end":{"line":116,"column":162}},"56":{"start":{"line":116,"column":127},"end":{"line":116,"column":138}},"57":{"start":{"line":118,"column":12},"end":{"line":118,"column":75}},"58":{"start":{"line":120,"column":12},"end":{"line":138,"column":13}},"59":{"start":{"line":123,"column":36},"end":{"line":123,"column":38}},"60":{"start":{"line":124,"column":16},"end":{"line":128,"column":18}},"61":{"start":{"line":125,"column":20},"end":{"line":127,"column":21}},"62":{"start":{"line":126,"column":24},"end":{"line":126,"column":41}},"63":{"start":{"line":129,"column":16},"end":{"line":131,"column":19}},"64":{"start":{"line":130,"column":20},"end":{"line":130,"column":59}},"65":{"start":{"line":133,"column":16},"end":{"line":133,"column":164}},"66":{"start":{"line":137,"column":16},"end":{"line":137,"column":63}},"67":{"start":{"line":141,"column":12},"end":{"line":141,"column":37}},"68":{"start":{"line":142,"column":12},"end":{"line":142,"column":18}},"69":{"start":{"line":146,"column":39},"end":{"line":146,"column":41}},"70":{"start":{"line":147,"column":26},"end":{"line":147,"column":306}},"71":{"start":{"line":148,"column":12},"end":{"line":148,"column":54}},"72":{"start":{"line":149,"column":12},"end":{"line":149,"column":33}},"73":{"start":{"line":150,"column":12},"end":{"line":150,"column":175}},"74":{"start":{"line":153,"column":12},"end":{"line":153,"column":94}},"75":{"start":{"line":155,"column":12},"end":{"line":155,"column":25}},"76":{"start":{"line":158,"column":4},"end":{"line":158,"column":17}}},"fnMap":{"0":{"name":"randomDate","decl":{"start":{"line":36,"column":9},"end":{"line":36,"column":19}},"loc":{"start":{"line":36,"column":52},"end":{"line":41,"column":1}},"line":36},"1":{"name":"riceBookReducer","decl":{"start":{"line":42,"column":16},"end":{"line":42,"column":31}},"loc":{"start":{"line":42,"column":62},"end":{"line":159,"column":1}},"line":42},"2":{"name":"(anonymous_2)","decl":{"start":{"line":61,"column":47},"end":{"line":61,"column":48}},"loc":{"start":{"line":61,"column":55},"end":{"line":61,"column":62}},"line":61},"3":{"name":"(anonymous_3)","decl":{"start":{"line":72,"column":49},"end":{"line":72,"column":50}},"loc":{"start":{"line":72,"column":56},"end":{"line":72,"column":69}},"line":72},"4":{"name":"(anonymous_4)","decl":{"start":{"line":73,"column":39},"end":{"line":73,"column":40}},"loc":{"start":{"line":73,"column":46},"end":{"line":73,"column":59}},"line":73},"5":{"name":"(anonymous_5)","decl":{"start":{"line":89,"column":33},"end":{"line":89,"column":34}},"loc":{"start":{"line":89,"column":41},"end":{"line":92,"column":13}},"line":89},"6":{"name":"(anonymous_6)","decl":{"start":{"line":93,"column":33},"end":{"line":93,"column":34}},"loc":{"start":{"line":93,"column":41},"end":{"line":95,"column":13}},"line":93},"7":{"name":"(anonymous_7)","decl":{"start":{"line":99,"column":47},"end":{"line":99,"column":48}},"loc":{"start":{"line":99,"column":55},"end":{"line":99,"column":90}},"line":99},"8":{"name":"(anonymous_8)","decl":{"start":{"line":108,"column":58},"end":{"line":108,"column":59}},"loc":{"start":{"line":108,"column":66},"end":{"line":108,"column":104}},"line":108},"9":{"name":"(anonymous_9)","decl":{"start":{"line":113,"column":54},"end":{"line":113,"column":55}},"loc":{"start":{"line":113,"column":63},"end":{"line":113,"column":236}},"line":113},"10":{"name":"(anonymous_10)","decl":{"start":{"line":113,"column":115},"end":{"line":113,"column":116}},"loc":{"start":{"line":113,"column":127},"end":{"line":113,"column":138}},"line":113},"11":{"name":"(anonymous_11)","decl":{"start":{"line":116,"column":54},"end":{"line":116,"column":55}},"loc":{"start":{"line":116,"column":63},"end":{"line":116,"column":162}},"line":116},"12":{"name":"(anonymous_12)","decl":{"start":{"line":116,"column":115},"end":{"line":116,"column":116}},"loc":{"start":{"line":116,"column":127},"end":{"line":116,"column":138}},"line":116},"13":{"name":"(anonymous_13)","decl":{"start":{"line":124,"column":36},"end":{"line":124,"column":37}},"loc":{"start":{"line":124,"column":44},"end":{"line":128,"column":17}},"line":124},"14":{"name":"(anonymous_14)","decl":{"start":{"line":129,"column":64},"end":{"line":129,"column":65}},"loc":{"start":{"line":129,"column":72},"end":{"line":131,"column":17}},"line":129}},"branchMap":{"0":{"loc":{"start":{"line":42,"column":32},"end":{"line":42,"column":52}},"type":"default-arg","locations":[{"start":{"line":42,"column":40},"end":{"line":42,"column":52}}],"line":42},"1":{"loc":{"start":{"line":43,"column":4},"end":{"line":157,"column":5}},"type":"switch","locations":[{"start":{"line":45,"column":8},"end":{"line":50,"column":18}},{"start":{"line":51,"column":8},"end":{"line":76,"column":74}},{"start":{"line":78,"column":8},"end":{"line":97,"column":76}},{"start":{"line":98,"column":8},"end":{"line":105,"column":25}},{"start":{"line":106,"column":8},"end":{"line":109,"column":104}},{"start":{"line":110,"column":8},"end":{"line":118,"column":75}},{"start":{"line":119,"column":8},"end":{"line":138,"column":13}},{"start":{"line":140,"column":8},"end":{"line":142,"column":18}},{"start":{"line":143,"column":8},"end":{"line":150,"column":175}},{"start":{"line":151,"column":8},"end":{"line":153,"column":94}},{"start":{"line":154,"column":8},"end":{"line":155,"column":25}}],"line":43},"2":{"loc":{"start":{"line":61,"column":16},"end":{"line":67,"column":17}},"type":"if","locations":[{"start":{"line":61,"column":16},"end":{"line":67,"column":17}},{"start":{"line":61,"column":16},"end":{"line":67,"column":17}}],"line":61},"3":{"loc":{"start":{"line":62,"column":20},"end":{"line":64,"column":21}},"type":"if","locations":[{"start":{"line":62,"column":20},"end":{"line":64,"column":21}},{"start":{"line":62,"column":20},"end":{"line":64,"column":21}}],"line":62},"4":{"loc":{"start":{"line":62,"column":23},"end":{"line":62,"column":76}},"type":"binary-expr","locations":[{"start":{"line":62,"column":23},"end":{"line":62,"column":39}},{"start":{"line":62,"column":43},"end":{"line":62,"column":76}}],"line":62},"5":{"loc":{"start":{"line":101,"column":12},"end":{"line":103,"column":13}},"type":"if","locations":[{"start":{"line":101,"column":12},"end":{"line":103,"column":13}},{"start":{"line":101,"column":12},"end":{"line":103,"column":13}}],"line":101},"6":{"loc":{"start":{"line":101,"column":16},"end":{"line":101,"column":72}},"type":"binary-expr","locations":[{"start":{"line":101,"column":16},"end":{"line":101,"column":25}},{"start":{"line":101,"column":29},"end":{"line":101,"column":72}}],"line":101},"7":{"loc":{"start":{"line":112,"column":12},"end":{"line":117,"column":13}},"type":"if","locations":[{"start":{"line":112,"column":12},"end":{"line":117,"column":13}},{"start":{"line":112,"column":12},"end":{"line":117,"column":13}}],"line":112},"8":{"loc":{"start":{"line":113,"column":63},"end":{"line":113,"column":236}},"type":"binary-expr","locations":[{"start":{"line":113,"column":63},"end":{"line":113,"column":162}},{"start":{"line":113,"column":167},"end":{"line":113,"column":199}},{"start":{"line":113,"column":203},"end":{"line":113,"column":235}}],"line":113},"9":{"loc":{"start":{"line":120,"column":12},"end":{"line":138,"column":13}},"type":"if","locations":[{"start":{"line":120,"column":12},"end":{"line":138,"column":13}},{"start":{"line":120,"column":12},"end":{"line":138,"column":13}}],"line":120},"10":{"loc":{"start":{"line":120,"column":15},"end":{"line":120,"column":110}},"type":"binary-expr","locations":[{"start":{"line":120,"column":15},"end":{"line":120,"column":51}},{"start":{"line":120,"column":55},"end":{"line":120,"column":110}}],"line":120},"11":{"loc":{"start":{"line":125,"column":20},"end":{"line":127,"column":21}},"type":"if","locations":[{"start":{"line":125,"column":20},"end":{"line":127,"column":21}},{"start":{"line":125,"column":20},"end":{"line":127,"column":21}}],"line":125}},"s":{"0":1,"1":1,"2":1,"3":900,"4":900,"5":900,"6":900,"7":40,"8":0,"9":0,"10":0,"11":0,"12":0,"13":9,"14":9,"15":9,"16":9,"17":9,"18":9,"19":900,"20":900,"21":900,"22":0,"23":90,"24":0,"25":90,"26":90,"27":900,"28":9,"29":205,"30":9,"31":4795,"32":9,"33":9,"34":9,"35":9,"36":9,"37":90,"38":90,"39":9,"40":90,"41":9,"42":1,"43":10,"44":1,"45":1,"46":0,"47":1,"48":3,"49":1,"50":10,"51":2,"52":200,"53":600,"54":8,"55":800,"56":2400,"57":10,"58":8,"59":6,"60":6,"61":60,"62":6,"63":6,"64":18,"65":6,"66":2,"67":1,"68":0,"69":1,"70":1,"71":1,"72":1,"73":1,"74":0,"75":0,"76":0},"f":{"0":900,"1":40,"2":0,"3":205,"4":4795,"5":90,"6":90,"7":10,"8":3,"9":200,"10":600,"11":800,"12":2400,"13":60,"14":18},"b":{"0":[10],"1":[0,9,9,1,1,10,8,1,1,0,0],"2":[90,810],"3":[0,90],"4":[90,0],"5":[1,0],"6":[1,1],"7":[2,8],"8":[200,80,79],"9":[6,2],"10":[8,6],"11":[6,54]},"_coverageSchema":"1a1c01bbd47fc00a2c39e90264f33305004495a9","hash":"e0c71138fa4bcde0cdef0dbd68f15c625d8155f4"}
,"/Users/mitos/IdeaProjects/hw5-Mitchell-Osborn/ricebook/src/reportWebVitals.js": {"path":"/Users/mitos/IdeaProjects/hw5-Mitchell-Osborn/ricebook/src/reportWebVitals.js","statementMap":{"0":{"start":{"line":1,"column":24},"end":{"line":11,"column":1}},"1":{"start":{"line":2,"column":2},"end":{"line":10,"column":3}},"2":{"start":{"line":3,"column":4},"end":{"line":9,"column":7}},"3":{"start":{"line":4,"column":6},"end":{"line":4,"column":26}},"4":{"start":{"line":5,"column":6},"end":{"line":5,"column":26}},"5":{"start":{"line":6,"column":6},"end":{"line":6,"column":26}},"6":{"start":{"line":7,"column":6},"end":{"line":7,"column":26}},"7":{"start":{"line":8,"column":6},"end":{"line":8,"column":27}}},"fnMap":{"0":{"name":"(anonymous_0)","decl":{"start":{"line":1,"column":24},"end":{"line":1,"column":25}},"loc":{"start":{"line":1,"column":39},"end":{"line":11,"column":1}},"line":1},"1":{"name":"(anonymous_1)","decl":{"start":{"line":3,"column":30},"end":{"line":3,"column":31}},"loc":{"start":{"line":3,"column":79},"end":{"line":9,"column":5}},"line":3}},"branchMap":{"0":{"loc":{"start":{"line":2,"column":2},"end":{"line":10,"column":3}},"type":"if","locations":[{"start":{"line":2,"column":2},"end":{"line":10,"column":3}},{"start":{"line":2,"column":2},"end":{"line":10,"column":3}}],"line":2},"1":{"loc":{"start":{"line":2,"column":6},"end":{"line":2,"column":52}},"type":"binary-expr","locations":[{"start":{"line":2,"column":6},"end":{"line":2,"column":17}},{"start":{"line":2,"column":21},"end":{"line":2,"column":52}}],"line":2}},"s":{"0":0,"1":0,"2":0,"3":0,"4":0,"5":0,"6":0,"7":0},"f":{"0":0,"1":0},"b":{"0":[0,0],"1":[0,0]}}
,"/Users/mitos/IdeaProjects/hw5-Mitchell-Osborn/ricebook/src/LoginPage/Login.js": {"path":"/Users/mitos/IdeaProjects/hw5-Mitchell-Osborn/ricebook/src/LoginPage/Login.js","statementMap":{"0":{"start":{"line":7,"column":38},"end":{"line":7,"column":53}},"1":{"start":{"line":8,"column":42},"end":{"line":8,"column":54}},"2":{"start":{"line":9,"column":36},"end":{"line":9,"column":48}},"3":{"start":{"line":10,"column":24},"end":{"line":10,"column":67}},"4":{"start":{"line":10,"column":47},"end":{"line":10,"column":66}},"5":{"start":{"line":12,"column":20},"end":{"line":12,"column":55}},"6":{"start":{"line":12,"column":43},"end":{"line":12,"column":54}},"7":{"start":{"line":13,"column":20},"end":{"line":13,"column":32}},"8":{"start":{"line":15,"column":25},"end":{"line":29,"column":5}},"9":{"start":{"line":17,"column":8},"end":{"line":17,"column":34}},"10":{"start":{"line":18,"column":8},"end":{"line":18,"column":31}},"11":{"start":{"line":19,"column":8},"end":{"line":19,"column":27}},"12":{"start":{"line":20,"column":8},"end":{"line":20,"column":40}},"13":{"start":{"line":21,"column":8},"end":{"line":21,"column":50}},"14":{"start":{"line":23,"column":8},"end":{"line":23,"column":31}},"15":{"start":{"line":24,"column":8},"end":{"line":28,"column":9}},"16":{"start":{"line":25,"column":12},"end":{"line":27,"column":14}},"17":{"start":{"line":32,"column":4},"end":{"line":65,"column":10}},"18":{"start":{"line":42,"column":36},"end":{"line":42,"column":66}},"19":{"start":{"line":53,"column":36},"end":{"line":53,"column":63}}},"fnMap":{"0":{"name":"Login","decl":{"start":{"line":6,"column":9},"end":{"line":6,"column":14}},"loc":{"start":{"line":6,"column":27},"end":{"line":67,"column":1}},"line":6},"1":{"name":"(anonymous_1)","decl":{"start":{"line":10,"column":36},"end":{"line":10,"column":37}},"loc":{"start":{"line":10,"column":47},"end":{"line":10,"column":66}},"line":10},"2":{"name":"(anonymous_2)","decl":{"start":{"line":12,"column":32},"end":{"line":12,"column":33}},"loc":{"start":{"line":12,"column":43},"end":{"line":12,"column":54}},"line":12},"3":{"name":"(anonymous_3)","decl":{"start":{"line":15,"column":25},"end":{"line":15,"column":26}},"loc":{"start":{"line":15,"column":36},"end":{"line":29,"column":5}},"line":15},"4":{"name":"(anonymous_4)","decl":{"start":{"line":42,"column":30},"end":{"line":42,"column":31}},"loc":{"start":{"line":42,"column":36},"end":{"line":42,"column":66}},"line":42},"5":{"name":"(anonymous_5)","decl":{"start":{"line":53,"column":30},"end":{"line":53,"column":31}},"loc":{"start":{"line":53,"column":36},"end":{"line":53,"column":63}},"line":53}},"branchMap":{"0":{"loc":{"start":{"line":24,"column":8},"end":{"line":28,"column":9}},"type":"if","locations":[{"start":{"line":24,"column":8},"end":{"line":28,"column":9}},{"start":{"line":24,"column":8},"end":{"line":28,"column":9}}],"line":24}},"s":{"0":0,"1":0,"2":0,"3":0,"4":0,"5":0,"6":0,"7":0,"8":0,"9":0,"10":0,"11":0,"12":0,"13":0,"14":0,"15":0,"16":0,"17":0,"18":0,"19":0},"f":{"0":0,"1":0,"2":0,"3":0,"4":0,"5":0},"b":{"0":[0,0]}}
,"/Users/mitos/IdeaProjects/hw5-Mitchell-Osborn/ricebook/src/LoginPage/LoginPage.js": {"path":"/Users/mitos/IdeaProjects/hw5-Mitchell-Osborn/ricebook/src/LoginPage/LoginPage.js","statementMap":{"0":{"start":{"line":11,"column":21},"end":{"line":11,"column":34}},"1":{"start":{"line":13,"column":4},"end":{"line":19,"column":6}},"2":{"start":{"line":14,"column":8},"end":{"line":18,"column":15}},"3":{"start":{"line":14,"column":72},"end":{"line":14,"column":82}},"4":{"start":{"line":16,"column":12},"end":{"line":16,"column":36}},"5":{"start":{"line":21,"column":4},"end":{"line":52,"column":10}},"6":{"start":{"line":33,"column":28},"end":{"line":33,"column":60}},"7":{"start":{"line":44,"column":28},"end":{"line":44,"column":63}}},"fnMap":{"0":{"name":"LoginPage","decl":{"start":{"line":10,"column":9},"end":{"line":10,"column":18}},"loc":{"start":{"line":10,"column":20},"end":{"line":53,"column":1}},"line":10},"1":{"name":"(anonymous_1)","decl":{"start":{"line":13,"column":12},"end":{"line":13,"column":13}},"loc":{"start":{"line":13,"column":16},"end":{"line":19,"column":5}},"line":13},"2":{"name":"(anonymous_2)","decl":{"start":{"line":14,"column":65},"end":{"line":14,"column":66}},"loc":{"start":{"line":14,"column":72},"end":{"line":14,"column":82}},"line":14},"3":{"name":"(anonymous_3)","decl":{"start":{"line":14,"column":89},"end":{"line":14,"column":90}},"loc":{"start":{"line":15,"column":8},"end":{"line":18,"column":9}},"line":15},"4":{"name":"(anonymous_4)","decl":{"start":{"line":32,"column":47},"end":{"line":32,"column":48}},"loc":{"start":{"line":32,"column":60},"end":{"line":34,"column":25}},"line":32},"5":{"name":"(anonymous_5)","decl":{"start":{"line":43,"column":41},"end":{"line":43,"column":42}},"loc":{"start":{"line":43,"column":63},"end":{"line":45,"column":29}},"line":43}},"branchMap":{},"s":{"0":0,"1":0,"2":0,"3":0,"4":0,"5":0,"6":0,"7":0},"f":{"0":0,"1":0,"2":0,"3":0,"4":0,"5":0},"b":{}}
,"/Users/mitos/IdeaProjects/hw5-Mitchell-Osborn/ricebook/src/LoginPage/Register.js": {"path":"/Users/mitos/IdeaProjects/hw5-Mitchell-Osborn/ricebook/src/LoginPage/Register.js","statementMap":{"0":{"start":{"line":7,"column":38},"end":{"line":7,"column":53}},"1":{"start":{"line":8,"column":30},"end":{"line":8,"column":42}},"2":{"start":{"line":9,"column":34},"end":{"line":9,"column":46}},"3":{"start":{"line":10,"column":42},"end":{"line":10,"column":54}},"4":{"start":{"line":11,"column":42},"end":{"line":11,"column":54}},"5":{"start":{"line":12,"column":30},"end":{"line":12,"column":42}},"6":{"start":{"line":13,"column":34},"end":{"line":13,"column":46}},"7":{"start":{"line":14,"column":36},"end":{"line":14,"column":48}},"8":{"start":{"line":15,"column":30},"end":{"line":15,"column":42}},"9":{"start":{"line":16,"column":18},"end":{"line":16,"column":51}},"10":{"start":{"line":16,"column":39},"end":{"line":16,"column":50}},"11":{"start":{"line":17,"column":20},"end":{"line":17,"column":32}},"12":{"start":{"line":19,"column":21},"end":{"line":28,"column":5}},"13":{"start":{"line":20,"column":8},"end":{"line":23,"column":10}},"14":{"start":{"line":24,"column":8},"end":{"line":27,"column":10}},"15":{"start":{"line":24,"column":31},"end":{"line":27,"column":10}},"16":{"start":{"line":30,"column":25},"end":{"line":49,"column":5}},"17":{"start":{"line":31,"column":8},"end":{"line":31,"column":31}},"18":{"start":{"line":32,"column":21},"end":{"line":32,"column":40}},"19":{"start":{"line":33,"column":8},"end":{"line":35,"column":9}},"20":{"start":{"line":34,"column":12},"end":{"line":34,"column":36}},"21":{"start":{"line":36,"column":26},"end":{"line":36,"column":42}},"22":{"start":{"line":37,"column":8},"end":{"line":46,"column":9}},"23":{"start":{"line":38,"column":12},"end":{"line":38,"column":32}},"24":{"start":{"line":40,"column":13},"end":{"line":46,"column":9}},"25":{"start":{"line":41,"column":12},"end":{"line":41,"column":42}},"26":{"start":{"line":42,"column":12},"end":{"line":42,"column":100}},"27":{"start":{"line":43,"column":12},"end":{"line":45,"column":14}},"28":{"start":{"line":48,"column":8},"end":{"line":48,"column":27}},"29":{"start":{"line":51,"column":27},"end":{"line":64,"column":5}},"30":{"start":{"line":52,"column":53},"end":{"line":52,"column":57}},"31":{"start":{"line":53,"column":26},"end":{"line":53,"column":28}},"32":{"start":{"line":55,"column":8},"end":{"line":55,"column":64}},"33":{"start":{"line":55,"column":29},"end":{"line":55,"column":64}},"34":{"start":{"line":56,"column":8},"end":{"line":56,"column":97}},"35":{"start":{"line":56,"column":58},"end":{"line":56,"column":97}},"36":{"start":{"line":58,"column":8},"end":{"line":62,"column":9}},"37":{"start":{"line":58,"column":33},"end":{"line":58,"column":61}},"38":{"start":{"line":60,"column":12},"end":{"line":60,"column":76}},"39":{"start":{"line":60,"column":45},"end":{"line":60,"column":73}},"40":{"start":{"line":61,"column":12},"end":{"line":61,"column":68}},"41":{"start":{"line":63,"column":8},"end":{"line":63,"column":24}},"42":{"start":{"line":66,"column":21},"end":{"line":78,"column":5}},"43":{"start":{"line":67,"column":8},"end":{"line":67,"column":26}},"44":{"start":{"line":68,"column":25},"end":{"line":68,"column":35}},"45":{"start":{"line":69,"column":8},"end":{"line":69,"column":58}},"46":{"start":{"line":70,"column":26},"end":{"line":70,"column":41}},"47":{"start":{"line":72,"column":8},"end":{"line":72,"column":95}},"48":{"start":{"line":73,"column":8},"end":{"line":76,"column":9}},"49":{"start":{"line":74,"column":12},"end":{"line":74,"column":45}},"50":{"start":{"line":75,"column":12},"end":{"line":75,"column":25}},"51":{"start":{"line":77,"column":8},"end":{"line":77,"column":20}},"52":{"start":{"line":79,"column":26},"end":{"line":87,"column":5}},"53":{"start":{"line":80,"column":8},"end":{"line":80,"column":41}},"54":{"start":{"line":81,"column":8},"end":{"line":84,"column":9}},"55":{"start":{"line":82,"column":12},"end":{"line":82,"column":52}},"56":{"start":{"line":83,"column":12},"end":{"line":83,"column":24}},"57":{"start":{"line":85,"column":8},"end":{"line":85,"column":43}},"58":{"start":{"line":86,"column":8},"end":{"line":86,"column":20}},"59":{"start":{"line":89,"column":4},"end":{"line":188,"column":6}},"60":{"start":{"line":99,"column":40},"end":{"line":99,"column":70}},"61":{"start":{"line":111,"column":40},"end":{"line":111,"column":70}},"62":{"start":{"line":124,"column":44},"end":{"line":124,"column":68}},"63":{"start":{"line":134,"column":136},"end":{"line":134,"column":161}},"64":{"start":{"line":143,"column":61},"end":{"line":143,"column":93}},"65":{"start":{"line":150,"column":124},"end":{"line":150,"column":150}},"66":{"start":{"line":160,"column":24},"end":{"line":160,"column":60}},"67":{"start":{"line":161,"column":24},"end":{"line":161,"column":51}},"68":{"start":{"line":169,"column":90},"end":{"line":169,"column":136}}},"fnMap":{"0":{"name":"Register","decl":{"start":{"line":6,"column":9},"end":{"line":6,"column":17}},"loc":{"start":{"line":6,"column":33},"end":{"line":189,"column":1}},"line":6},"1":{"name":"(anonymous_1)","decl":{"start":{"line":16,"column":30},"end":{"line":16,"column":31}},"loc":{"start":{"line":16,"column":39},"end":{"line":16,"column":50}},"line":16},"2":{"name":"(anonymous_2)","decl":{"start":{"line":19,"column":21},"end":{"line":19,"column":22}},"loc":{"start":{"line":19,"column":39},"end":{"line":28,"column":5}},"line":19},"3":{"name":"(anonymous_3)","decl":{"start":{"line":30,"column":25},"end":{"line":30,"column":26}},"loc":{"start":{"line":30,"column":36},"end":{"line":49,"column":5}},"line":30},"4":{"name":"(anonymous_4)","decl":{"start":{"line":51,"column":27},"end":{"line":51,"column":28}},"loc":{"start":{"line":51,"column":33},"end":{"line":64,"column":5}},"line":51},"5":{"name":"(anonymous_5)","decl":{"start":{"line":58,"column":25},"end":{"line":58,"column":26}},"loc":{"start":{"line":58,"column":33},"end":{"line":58,"column":61}},"line":58},"6":{"name":"(anonymous_6)","decl":{"start":{"line":60,"column":37},"end":{"line":60,"column":38}},"loc":{"start":{"line":60,"column":45},"end":{"line":60,"column":73}},"line":60},"7":{"name":"(anonymous_7)","decl":{"start":{"line":66,"column":21},"end":{"line":66,"column":22}},"loc":{"start":{"line":66,"column":32},"end":{"line":78,"column":5}},"line":66},"8":{"name":"(anonymous_8)","decl":{"start":{"line":79,"column":26},"end":{"line":79,"column":27}},"loc":{"start":{"line":79,"column":40},"end":{"line":87,"column":5}},"line":79},"9":{"name":"(anonymous_9)","decl":{"start":{"line":99,"column":34},"end":{"line":99,"column":35}},"loc":{"start":{"line":99,"column":40},"end":{"line":99,"column":70}},"line":99},"10":{"name":"(anonymous_10)","decl":{"start":{"line":111,"column":34},"end":{"line":111,"column":35}},"loc":{"start":{"line":111,"column":40},"end":{"line":111,"column":70}},"line":111},"11":{"name":"(anonymous_11)","decl":{"start":{"line":124,"column":38},"end":{"line":124,"column":39}},"loc":{"start":{"line":124,"column":44},"end":{"line":124,"column":68}},"line":124},"12":{"name":"(anonymous_12)","decl":{"start":{"line":134,"column":131},"end":{"line":134,"column":132}},"loc":{"start":{"line":134,"column":136},"end":{"line":134,"column":161}},"line":134},"13":{"name":"(anonymous_13)","decl":{"start":{"line":143,"column":56},"end":{"line":143,"column":57}},"loc":{"start":{"line":143,"column":61},"end":{"line":143,"column":93}},"line":143},"14":{"name":"(anonymous_14)","decl":{"start":{"line":150,"column":118},"end":{"line":150,"column":119}},"loc":{"start":{"line":150,"column":124},"end":{"line":150,"column":150}},"line":150},"15":{"name":"(anonymous_15)","decl":{"start":{"line":159,"column":85},"end":{"line":159,"column":86}},"loc":{"start":{"line":159,"column":90},"end":{"line":162,"column":21}},"line":159},"16":{"name":"(anonymous_16)","decl":{"start":{"line":169,"column":85},"end":{"line":169,"column":86}},"loc":{"start":{"line":169,"column":90},"end":{"line":169,"column":136}},"line":169}},"branchMap":{"0":{"loc":{"start":{"line":24,"column":8},"end":{"line":27,"column":10}},"type":"if","locations":[{"start":{"line":24,"column":8},"end":{"line":27,"column":10}},{"start":{"line":24,"column":8},"end":{"line":27,"column":10}}],"line":24},"1":{"loc":{"start":{"line":33,"column":8},"end":{"line":35,"column":9}},"type":"if","locations":[{"start":{"line":33,"column":8},"end":{"line":35,"column":9}},{"start":{"line":33,"column":8},"end":{"line":35,"column":9}}],"line":33},"2":{"loc":{"start":{"line":37,"column":8},"end":{"line":46,"column":9}},"type":"if","locations":[{"start":{"line":37,"column":8},"end":{"line":46,"column":9}},{"start":{"line":37,"column":8},"end":{"line":46,"column":9}}],"line":37},"3":{"loc":{"start":{"line":40,"column":13},"end":{"line":46,"column":9}},"type":"if","locations":[{"start":{"line":40,"column":13},"end":{"line":46,"column":9}},{"start":{"line":40,"column":13},"end":{"line":46,"column":9}}],"line":40},"4":{"loc":{"start":{"line":55,"column":8},"end":{"line":55,"column":64}},"type":"if","locations":[{"start":{"line":55,"column":8},"end":{"line":55,"column":64}},{"start":{"line":55,"column":8},"end":{"line":55,"column":64}}],"line":55},"5":{"loc":{"start":{"line":56,"column":8},"end":{"line":56,"column":97}},"type":"if","locations":[{"start":{"line":56,"column":8},"end":{"line":56,"column":97}},{"start":{"line":56,"column":8},"end":{"line":56,"column":97}}],"line":56},"6":{"loc":{"start":{"line":58,"column":8},"end":{"line":62,"column":9}},"type":"if","locations":[{"start":{"line":58,"column":8},"end":{"line":62,"column":9}},{"start":{"line":58,"column":8},"end":{"line":62,"column":9}}],"line":58},"7":{"loc":{"start":{"line":73,"column":8},"end":{"line":76,"column":9}},"type":"if","locations":[{"start":{"line":73,"column":8},"end":{"line":76,"column":9}},{"start":{"line":73,"column":8},"end":{"line":76,"column":9}}],"line":73},"8":{"loc":{"start":{"line":81,"column":8},"end":{"line":84,"column":9}},"type":"if","locations":[{"start":{"line":81,"column":8},"end":{"line":84,"column":9}},{"start":{"line":81,"column":8},"end":{"line":84,"column":9}}],"line":81}},"s":{"0":0,"1":0,"2":0,"3":0,"4":0,"5":0,"6":0,"7":0,"8":0,"9":0,"10":0,"11":0,"12":0,"13":0,"14":0,"15":0,"16":0,"17":0,"18":0,"19":0,"20":0,"21":0,"22":0,"23":0,"24":0,"25":0,"26":0,"27":0,"28":0,"29":0,"30":0,"31":0,"32":0,"33":0,"34":0,"35":0,"36":0,"37":0,"38":0,"39":0,"40":0,"41":0,"42":0,"43":0,"44":0,"45":0,"46":0,"47":0,"48":0,"49":0,"50":0,"51":0,"52":0,"53":0,"54":0,"55":0,"56":0,"57":0,"58":0,"59":0,"60":0,"61":0,"62":0,"63":0,"64":0,"65":0,"66":0,"67":0,"68":0},"f":{"0":0,"1":0,"2":0,"3":0,"4":0,"5":0,"6":0,"7":0,"8":0,"9":0,"10":0,"11":0,"12":0,"13":0,"14":0,"15":0,"16":0},"b":{"0":[0,0],"1":[0,0],"2":[0,0],"3":[0,0],"4":[0,0],"5":[0,0],"6":[0,0],"7":[0,0],"8":[0,0]}}
,"/Users/mitos/IdeaProjects/hw5-Mitchell-Osborn/ricebook/src/MainView/AddFollower.js": {"path":"/Users/mitos/IdeaProjects/hw5-Mitchell-Osborn/ricebook/src/MainView/AddFollower.js","statementMap":{"0":{"start":{"line":6,"column":36},"end":{"line":6,"column":51}},"1":{"start":{"line":7,"column":42},"end":{"line":7,"column":54}},"2":{"start":{"line":8,"column":23},"end":{"line":10,"column":5}},"3":{"start":{"line":9,"column":8},"end":{"line":9,"column":31}},"4":{"start":{"line":12,"column":4},"end":{"line":33,"column":5}},"5":{"start":{"line":15,"column":78},"end":{"line":15,"column":100}},"6":{"start":{"line":20,"column":50},"end":{"line":20,"column":80}},"7":{"start":{"line":26,"column":51},"end":{"line":26,"column":63}}},"fnMap":{"0":{"name":"AddFollower","decl":{"start":{"line":5,"column":9},"end":{"line":5,"column":20}},"loc":{"start":{"line":5,"column":52},"end":{"line":36,"column":1}},"line":5},"1":{"name":"(anonymous_1)","decl":{"start":{"line":8,"column":23},"end":{"line":8,"column":24}},"loc":{"start":{"line":8,"column":29},"end":{"line":10,"column":5}},"line":8},"2":{"name":"(anonymous_2)","decl":{"start":{"line":15,"column":72},"end":{"line":15,"column":73}},"loc":{"start":{"line":15,"column":78},"end":{"line":15,"column":100}},"line":15},"3":{"name":"(anonymous_3)","decl":{"start":{"line":20,"column":44},"end":{"line":20,"column":45}},"loc":{"start":{"line":20,"column":50},"end":{"line":20,"column":80}},"line":20},"4":{"name":"(anonymous_4)","decl":{"start":{"line":26,"column":45},"end":{"line":26,"column":46}},"loc":{"start":{"line":26,"column":51},"end":{"line":26,"column":63}},"line":26}},"branchMap":{"0":{"loc":{"start":{"line":15,"column":103},"end":{"line":15,"column":140}},"type":"cond-expr","locations":[{"start":{"line":15,"column":114},"end":{"line":15,"column":121}},{"start":{"line":15,"column":124},"end":{"line":15,"column":140}}],"line":15},"1":{"loc":{"start":{"line":17,"column":13},"end":{"line":31,"column":19}},"type":"binary-expr","locations":[{"start":{"line":17,"column":13},"end":{"line":17,"column":21}},{"start":{"line":17,"column":24},"end":{"line":31,"column":19}}],"line":17}},"s":{"0":0,"1":0,"2":0,"3":0,"4":0,"5":0,"6":0,"7":0},"f":{"0":0,"1":0,"2":0,"3":0,"4":0},"b":{"0":[0,0],"1":[0,0]}}
,"/Users/mitos/IdeaProjects/hw5-Mitchell-Osborn/ricebook/src/MainView/AddPost.js": {"path":"/Users/mitos/IdeaProjects/hw5-Mitchell-Osborn/ricebook/src/MainView/AddPost.js","statementMap":{"0":{"start":{"line":6,"column":4},"end":{"line":6,"column":28}},"1":{"start":{"line":7,"column":36},"end":{"line":7,"column":51}},"2":{"start":{"line":8,"column":42},"end":{"line":8,"column":54}},"3":{"start":{"line":9,"column":40},"end":{"line":9,"column":54}},"4":{"start":{"line":10,"column":23},"end":{"line":14,"column":5}},"5":{"start":{"line":11,"column":8},"end":{"line":11,"column":32}},"6":{"start":{"line":12,"column":8},"end":{"line":12,"column":137}},"7":{"start":{"line":13,"column":8},"end":{"line":13,"column":28}},"8":{"start":{"line":17,"column":4},"end":{"line":54,"column":5}},"9":{"start":{"line":20,"column":78},"end":{"line":20,"column":100}},"10":{"start":{"line":32,"column":98},"end":{"line":32,"column":138}},"11":{"start":{"line":32,"column":126},"end":{"line":32,"column":137}},"12":{"start":{"line":39,"column":54},"end":{"line":39,"column":84}},"13":{"start":{"line":47,"column":64},"end":{"line":47,"column":76}}},"fnMap":{"0":{"name":"AddPost","decl":{"start":{"line":5,"column":9},"end":{"line":5,"column":16}},"loc":{"start":{"line":5,"column":46},"end":{"line":57,"column":1}},"line":5},"1":{"name":"(anonymous_1)","decl":{"start":{"line":10,"column":23},"end":{"line":10,"column":24}},"loc":{"start":{"line":10,"column":29},"end":{"line":14,"column":5}},"line":10},"2":{"name":"(anonymous_2)","decl":{"start":{"line":20,"column":72},"end":{"line":20,"column":73}},"loc":{"start":{"line":20,"column":78},"end":{"line":20,"column":100}},"line":20},"3":{"name":"(anonymous_3)","decl":{"start":{"line":32,"column":92},"end":{"line":32,"column":93}},"loc":{"start":{"line":32,"column":98},"end":{"line":32,"column":138}},"line":32},"4":{"name":"(anonymous_4)","decl":{"start":{"line":32,"column":112},"end":{"line":32,"column":113}},"loc":{"start":{"line":32,"column":126},"end":{"line":32,"column":137}},"line":32},"5":{"name":"(anonymous_5)","decl":{"start":{"line":39,"column":48},"end":{"line":39,"column":49}},"loc":{"start":{"line":39,"column":54},"end":{"line":39,"column":84}},"line":39},"6":{"name":"(anonymous_6)","decl":{"start":{"line":47,"column":58},"end":{"line":47,"column":59}},"loc":{"start":{"line":47,"column":64},"end":{"line":47,"column":76}},"line":47}},"branchMap":{"0":{"loc":{"start":{"line":12,"column":31},"end":{"line":12,"column":58}},"type":"cond-expr","locations":[{"start":{"line":12,"column":44},"end":{"line":12,"column":54}},{"start":{"line":12,"column":56},"end":{"line":12,"column":58}}],"line":12},"1":{"loc":{"start":{"line":20,"column":103},"end":{"line":20,"column":137}},"type":"cond-expr","locations":[{"start":{"line":20,"column":114},"end":{"line":20,"column":121}},{"start":{"line":20,"column":124},"end":{"line":20,"column":137}}],"line":20},"2":{"loc":{"start":{"line":22,"column":13},"end":{"line":52,"column":19}},"type":"binary-expr","locations":[{"start":{"line":22,"column":13},"end":{"line":22,"column":21}},{"start":{"line":22,"column":24},"end":{"line":52,"column":19}}],"line":22}},"s":{"0":0,"1":0,"2":0,"3":0,"4":0,"5":0,"6":0,"7":0,"8":0,"9":0,"10":0,"11":0,"12":0,"13":0},"f":{"0":0,"1":0,"2":0,"3":0,"4":0,"5":0,"6":0},"b":{"0":[0,0],"1":[0,0],"2":[0,0]}}
,"/Users/mitos/IdeaProjects/hw5-Mitchell-Osborn/ricebook/src/MainView/Comment.js": {"path":"/Users/mitos/IdeaProjects/hw5-Mitchell-Osborn/ricebook/src/MainView/Comment.js","statementMap":{"0":{"start":{"line":5,"column":4},"end":{"line":20,"column":5}}},"fnMap":{"0":{"name":"Comment","decl":{"start":{"line":4,"column":9},"end":{"line":4,"column":16}},"loc":{"start":{"line":4,"column":31},"end":{"line":22,"column":1}},"line":4}},"branchMap":{},"s":{"0":0},"f":{"0":0},"b":{}}
,"/Users/mitos/IdeaProjects/hw5-Mitchell-Osborn/ricebook/src/MainView/CurrentUser.js": {"path":"/Users/mitos/IdeaProjects/hw5-Mitchell-Osborn/ricebook/src/MainView/CurrentUser.js","statementMap":{"0":{"start":{"line":10,"column":36},"end":{"line":10,"column":51}},"1":{"start":{"line":11,"column":17},"end":{"line":11,"column":62}},"2":{"start":{"line":11,"column":39},"end":{"line":11,"column":61}},"3":{"start":{"line":12,"column":16},"end":{"line":12,"column":60}},"4":{"start":{"line":12,"column":38},"end":{"line":12,"column":59}},"5":{"start":{"line":13,"column":28},"end":{"line":13,"column":77}},"6":{"start":{"line":13,"column":50},"end":{"line":13,"column":76}},"7":{"start":{"line":14,"column":42},"end":{"line":14,"column":54}},"8":{"start":{"line":15,"column":20},"end":{"line":15,"column":32}},"9":{"start":{"line":16,"column":21},"end":{"line":16,"column":34}},"10":{"start":{"line":19,"column":22},"end":{"line":24,"column":5}},"11":{"start":{"line":20,"column":8},"end":{"line":20,"column":26}},"12":{"start":{"line":21,"column":8},"end":{"line":23,"column":9}},"13":{"start":{"line":26,"column":4},"end":{"line":76,"column":5}},"14":{"start":{"line":49,"column":94},"end":{"line":49,"column":116}},"15":{"start":{"line":54,"column":76},"end":{"line":54,"column":106}},"16":{"start":{"line":60,"column":53},"end":{"line":60,"column":90}},"17":{"start":{"line":70,"column":81},"end":{"line":70,"column":92}},"18":{"start":{"line":71,"column":81},"end":{"line":71,"column":116}}},"fnMap":{"0":{"name":"CurrentUser","decl":{"start":{"line":9,"column":9},"end":{"line":9,"column":20}},"loc":{"start":{"line":9,"column":23},"end":{"line":77,"column":1}},"line":9},"1":{"name":"(anonymous_1)","decl":{"start":{"line":11,"column":29},"end":{"line":11,"column":30}},"loc":{"start":{"line":11,"column":39},"end":{"line":11,"column":61}},"line":11},"2":{"name":"(anonymous_2)","decl":{"start":{"line":12,"column":28},"end":{"line":12,"column":29}},"loc":{"start":{"line":12,"column":38},"end":{"line":12,"column":59}},"line":12},"3":{"name":"(anonymous_3)","decl":{"start":{"line":13,"column":40},"end":{"line":13,"column":41}},"loc":{"start":{"line":13,"column":50},"end":{"line":13,"column":76}},"line":13},"4":{"name":"(anonymous_4)","decl":{"start":{"line":19,"column":22},"end":{"line":19,"column":23}},"loc":{"start":{"line":19,"column":28},"end":{"line":24,"column":5}},"line":19},"5":{"name":"(anonymous_5)","decl":{"start":{"line":49,"column":88},"end":{"line":49,"column":89}},"loc":{"start":{"line":49,"column":94},"end":{"line":49,"column":116}},"line":49},"6":{"name":"(anonymous_6)","decl":{"start":{"line":54,"column":71},"end":{"line":54,"column":72}},"loc":{"start":{"line":54,"column":76},"end":{"line":54,"column":106}},"line":54},"7":{"name":"(anonymous_7)","decl":{"start":{"line":60,"column":49},"end":{"line":60,"column":50}},"loc":{"start":{"line":60,"column":53},"end":{"line":60,"column":90}},"line":60},"8":{"name":"(anonymous_8)","decl":{"start":{"line":70,"column":76},"end":{"line":70,"column":77}},"loc":{"start":{"line":70,"column":81},"end":{"line":70,"column":92}},"line":70},"9":{"name":"(anonymous_9)","decl":{"start":{"line":71,"column":76},"end":{"line":71,"column":77}},"loc":{"start":{"line":71,"column":80},"end":{"line":71,"column":117}},"line":71}},"branchMap":{"0":{"loc":{"start":{"line":43,"column":52},"end":{"line":43,"column":115}},"type":"cond-expr","locations":[{"start":{"line":43,"column":70},"end":{"line":43,"column":85}},{"start":{"line":43,"column":87},"end":{"line":43,"column":115}}],"line":43},"1":{"loc":{"start":{"line":49,"column":119},"end":{"line":49,"column":157}},"type":"cond-expr","locations":[{"start":{"line":49,"column":130},"end":{"line":49,"column":137}},{"start":{"line":49,"column":140},"end":{"line":49,"column":157}}],"line":49},"2":{"loc":{"start":{"line":51,"column":17},"end":{"line":65,"column":23}},"type":"binary-expr","locations":[{"start":{"line":51,"column":17},"end":{"line":51,"column":25}},{"start":{"line":51,"column":28},"end":{"line":65,"column":23}}],"line":51}},"s":{"0":0,"1":0,"2":0,"3":0,"4":0,"5":0,"6":0,"7":0,"8":0,"9":0,"10":0,"11":0,"12":0,"13":0,"14":0,"15":0,"16":0,"17":0,"18":0},"f":{"0":0,"1":0,"2":0,"3":0,"4":0,"5":0,"6":0,"7":0,"8":0,"9":0},"b":{"0":[0,0],"1":[0,0],"2":[0,0]}}
,"/Users/mitos/IdeaProjects/hw5-Mitchell-Osborn/ricebook/src/MainView/FollowedUser.js": {"path":"/Users/mitos/IdeaProjects/hw5-Mitchell-Osborn/ricebook/src/MainView/FollowedUser.js","statementMap":{"0":{"start":{"line":4,"column":4},"end":{"line":31,"column":5}},"1":{"start":{"line":27,"column":42},"end":{"line":27,"column":59}}},"fnMap":{"0":{"name":"FollowedUser","decl":{"start":{"line":3,"column":9},"end":{"line":3,"column":21}},"loc":{"start":{"line":3,"column":58},"end":{"line":32,"column":1}},"line":3},"1":{"name":"(anonymous_1)","decl":{"start":{"line":27,"column":37},"end":{"line":27,"column":38}},"loc":{"start":{"line":27,"column":42},"end":{"line":27,"column":59}},"line":27}},"branchMap":{},"s":{"0":0,"1":0},"f":{"0":0,"1":0},"b":{}}
,"/Users/mitos/IdeaProjects/hw5-Mitchell-Osborn/ricebook/src/MainView/FollowedUsersContainer.js": {"path":"/Users/mitos/IdeaProjects/hw5-Mitchell-Osborn/ricebook/src/MainView/FollowedUsersContainer.js","statementMap":{"0":{"start":{"line":4,"column":4},"end":{"line":4,"column":23}},"1":{"start":{"line":5,"column":16},"end":{"line":7,"column":6}},"2":{"start":{"line":6,"column":8},"end":{"line":6,"column":131}},"3":{"start":{"line":9,"column":4},"end":{"line":13,"column":5}}},"fnMap":{"0":{"name":"FollowedUsersContainer","decl":{"start":{"line":3,"column":9},"end":{"line":3,"column":31}},"loc":{"start":{"line":3,"column":54},"end":{"line":16,"column":1}},"line":3},"1":{"name":"(anonymous_1)","decl":{"start":{"line":5,"column":26},"end":{"line":5,"column":27}},"loc":{"start":{"line":5,"column":36},"end":{"line":7,"column":5}},"line":5}},"branchMap":{},"s":{"0":0,"1":0,"2":0,"3":0},"f":{"0":0,"1":0},"b":{}}
,"/Users/mitos/IdeaProjects/hw5-Mitchell-Osborn/ricebook/src/MainView/MainView.js": {"path":"/Users/mitos/IdeaProjects/hw5-Mitchell-Osborn/ricebook/src/MainView/MainView.js","statementMap":{"0":{"start":{"line":16,"column":16},"end":{"line":16,"column":51}},"1":{"start":{"line":16,"column":39},"end":{"line":16,"column":50}},"2":{"start":{"line":17,"column":24},"end":{"line":17,"column":67}},"3":{"start":{"line":17,"column":47},"end":{"line":17,"column":66}},"4":{"start":{"line":18,"column":22},"end":{"line":18,"column":63}},"5":{"start":{"line":18,"column":45},"end":{"line":18,"column":62}},"6":{"start":{"line":19,"column":19},"end":{"line":19,"column":57}},"7":{"start":{"line":19,"column":42},"end":{"line":19,"column":56}},"8":{"start":{"line":20,"column":21},"end":{"line":20,"column":34}},"9":{"start":{"line":21,"column":20},"end":{"line":21,"column":32}},"10":{"start":{"line":24,"column":4},"end":{"line":42,"column":9}},"11":{"start":{"line":25,"column":8},"end":{"line":41,"column":9}},"12":{"start":{"line":26,"column":12},"end":{"line":26,"column":47}},"13":{"start":{"line":29,"column":12},"end":{"line":35,"column":19}},"14":{"start":{"line":29,"column":76},"end":{"line":29,"column":86}},"15":{"start":{"line":30,"column":16},"end":{"line":30,"column":40}},"16":{"start":{"line":31,"column":16},"end":{"line":34,"column":23}},"17":{"start":{"line":31,"column":80},"end":{"line":31,"column":90}},"18":{"start":{"line":32,"column":20},"end":{"line":32,"column":36}},"19":{"start":{"line":33,"column":20},"end":{"line":33,"column":44}},"20":{"start":{"line":48,"column":23},"end":{"line":50,"column":5}},"21":{"start":{"line":49,"column":8},"end":{"line":49,"column":32}},"22":{"start":{"line":52,"column":22},"end":{"line":55,"column":5}},"23":{"start":{"line":53,"column":8},"end":{"line":53,"column":34}},"24":{"start":{"line":57,"column":24},"end":{"line":60,"column":5}},"25":{"start":{"line":58,"column":8},"end":{"line":58,"column":36}},"26":{"start":{"line":62,"column":22},"end":{"line":65,"column":5}},"27":{"start":{"line":63,"column":8},"end":{"line":63,"column":35}},"28":{"start":{"line":67,"column":4},"end":{"line":108,"column":6}}},"fnMap":{"0":{"name":"MainView","decl":{"start":{"line":15,"column":9},"end":{"line":15,"column":17}},"loc":{"start":{"line":15,"column":20},"end":{"line":109,"column":1}},"line":15},"1":{"name":"(anonymous_1)","decl":{"start":{"line":16,"column":28},"end":{"line":16,"column":29}},"loc":{"start":{"line":16,"column":39},"end":{"line":16,"column":50}},"line":16},"2":{"name":"(anonymous_2)","decl":{"start":{"line":17,"column":36},"end":{"line":17,"column":37}},"loc":{"start":{"line":17,"column":47},"end":{"line":17,"column":66}},"line":17},"3":{"name":"(anonymous_3)","decl":{"start":{"line":18,"column":34},"end":{"line":18,"column":35}},"loc":{"start":{"line":18,"column":45},"end":{"line":18,"column":62}},"line":18},"4":{"name":"(anonymous_4)","decl":{"start":{"line":19,"column":31},"end":{"line":19,"column":32}},"loc":{"start":{"line":19,"column":42},"end":{"line":19,"column":56}},"line":19},"5":{"name":"(anonymous_5)","decl":{"start":{"line":24,"column":12},"end":{"line":24,"column":13}},"loc":{"start":{"line":24,"column":18},"end":{"line":42,"column":5}},"line":24},"6":{"name":"(anonymous_6)","decl":{"start":{"line":29,"column":69},"end":{"line":29,"column":70}},"loc":{"start":{"line":29,"column":76},"end":{"line":29,"column":86}},"line":29},"7":{"name":"(anonymous_7)","decl":{"start":{"line":29,"column":93},"end":{"line":29,"column":94}},"loc":{"start":{"line":29,"column":100},"end":{"line":35,"column":13}},"line":29},"8":{"name":"(anonymous_8)","decl":{"start":{"line":31,"column":73},"end":{"line":31,"column":74}},"loc":{"start":{"line":31,"column":80},"end":{"line":31,"column":90}},"line":31},"9":{"name":"(anonymous_9)","decl":{"start":{"line":31,"column":97},"end":{"line":31,"column":98}},"loc":{"start":{"line":31,"column":104},"end":{"line":34,"column":17}},"line":31},"10":{"name":"(anonymous_10)","decl":{"start":{"line":48,"column":23},"end":{"line":48,"column":24}},"loc":{"start":{"line":48,"column":33},"end":{"line":50,"column":5}},"line":48},"11":{"name":"(anonymous_11)","decl":{"start":{"line":52,"column":22},"end":{"line":52,"column":23}},"loc":{"start":{"line":52,"column":32},"end":{"line":55,"column":5}},"line":52},"12":{"name":"(anonymous_12)","decl":{"start":{"line":57,"column":24},"end":{"line":57,"column":25}},"loc":{"start":{"line":57,"column":34},"end":{"line":60,"column":5}},"line":57},"13":{"name":"(anonymous_13)","decl":{"start":{"line":62,"column":22},"end":{"line":62,"column":23}},"loc":{"start":{"line":62,"column":33},"end":{"line":65,"column":5}},"line":62}},"branchMap":{"0":{"loc":{"start":{"line":25,"column":8},"end":{"line":41,"column":9}},"type":"if","locations":[{"start":{"line":25,"column":8},"end":{"line":41,"column":9}},{"start":{"line":25,"column":8},"end":{"line":41,"column":9}}],"line":25}},"s":{"0":0,"1":0,"2":0,"3":0,"4":0,"5":0,"6":0,"7":0,"8":0,"9":0,"10":0,"11":0,"12":0,"13":0,"14":0,"15":0,"16":0,"17":0,"18":0,"19":0,"20":0,"21":0,"22":0,"23":0,"24":0,"25":0,"26":0,"27":0,"28":0},"f":{"0":0,"1":0,"2":0,"3":0,"4":0,"5":0,"6":0,"7":0,"8":0,"9":0,"10":0,"11":0,"12":0,"13":0},"b":{"0":[0,0]}}
,"/Users/mitos/IdeaProjects/hw5-Mitchell-Osborn/ricebook/src/MainView/Post.js": {"path":"/Users/mitos/IdeaProjects/hw5-Mitchell-Osborn/ricebook/src/MainView/Post.js","statementMap":{"0":{"start":{"line":5,"column":17},"end":{"line":5,"column":284}},"1":{"start":{"line":8,"column":23},"end":{"line":8,"column":93}},"2":{"start":{"line":9,"column":4},"end":{"line":11,"column":5}},"3":{"start":{"line":10,"column":8},"end":{"line":10,"column":26}},"4":{"start":{"line":12,"column":4},"end":{"line":85,"column":5}},"5":{"start":{"line":45,"column":55},"end":{"line":45,"column":106}}},"fnMap":{"0":{"name":"Post","decl":{"start":{"line":7,"column":9},"end":{"line":7,"column":13}},"loc":{"start":{"line":7,"column":39},"end":{"line":88,"column":1}},"line":7},"1":{"name":"(anonymous_1)","decl":{"start":{"line":45,"column":50},"end":{"line":45,"column":51}},"loc":{"start":{"line":45,"column":55},"end":{"line":45,"column":106}},"line":45}},"branchMap":{"0":{"loc":{"start":{"line":9,"column":4},"end":{"line":11,"column":5}},"type":"if","locations":[{"start":{"line":9,"column":4},"end":{"line":11,"column":5}},{"start":{"line":9,"column":4},"end":{"line":11,"column":5}}],"line":9},"1":{"loc":{"start":{"line":30,"column":29},"end":{"line":30,"column":60}},"type":"binary-expr","locations":[{"start":{"line":30,"column":29},"end":{"line":30,"column":32}},{"start":{"line":30,"column":36},"end":{"line":30,"column":60}}],"line":30}},"s":{"0":0,"1":0,"2":0,"3":0,"4":0,"5":0},"f":{"0":0,"1":0},"b":{"0":[0,0],"1":[0,0]}}
,"/Users/mitos/IdeaProjects/hw5-Mitchell-Osborn/ricebook/src/MainView/PostContainer.js": {"path":"/Users/mitos/IdeaProjects/hw5-Mitchell-Osborn/ricebook/src/MainView/PostContainer.js","statementMap":{"0":{"start":{"line":4,"column":4},"end":{"line":4,"column":23}},"1":{"start":{"line":6,"column":4},"end":{"line":10,"column":5}},"2":{"start":{"line":7,"column":9},"end":{"line":9,"column":10}},"3":{"start":{"line":8,"column":12},"end":{"line":8,"column":81}},"4":{"start":{"line":12,"column":4},"end":{"line":16,"column":5}}},"fnMap":{"0":{"name":"PostContainer","decl":{"start":{"line":3,"column":9},"end":{"line":3,"column":22}},"loc":{"start":{"line":3,"column":32},"end":{"line":19,"column":1}},"line":3},"1":{"name":"(anonymous_1)","decl":{"start":{"line":7,"column":27},"end":{"line":7,"column":28}},"loc":{"start":{"line":7,"column":60},"end":{"line":9,"column":9}},"line":7}},"branchMap":{"0":{"loc":{"start":{"line":6,"column":4},"end":{"line":10,"column":5}},"type":"if","locations":[{"start":{"line":6,"column":4},"end":{"line":10,"column":5}},{"start":{"line":6,"column":4},"end":{"line":10,"column":5}}],"line":6},"1":{"loc":{"start":{"line":6,"column":7},"end":{"line":6,"column":33}},"type":"binary-expr","locations":[{"start":{"line":6,"column":7},"end":{"line":6,"column":12}},{"start":{"line":6,"column":16},"end":{"line":6,"column":33}}],"line":6}},"s":{"0":0,"1":0,"2":0,"3":0,"4":0},"f":{"0":0,"1":0},"b":{"0":[0,0],"1":[0,0]}}
,"/Users/mitos/IdeaProjects/hw5-Mitchell-Osborn/ricebook/src/MainView/SearchBar.js": {"path":"/Users/mitos/IdeaProjects/hw5-Mitchell-Osborn/ricebook/src/MainView/SearchBar.js","statementMap":{"0":{"start":{"line":5,"column":30},"end":{"line":5,"column":42}},"1":{"start":{"line":7,"column":4},"end":{"line":21,"column":5}},"2":{"start":{"line":13,"column":68},"end":{"line":13,"column":92}},"3":{"start":{"line":15,"column":58},"end":{"line":15,"column":74}}},"fnMap":{"0":{"name":"SearchBar","decl":{"start":{"line":4,"column":9},"end":{"line":4,"column":18}},"loc":{"start":{"line":4,"column":32},"end":{"line":22,"column":1}},"line":4},"1":{"name":"(anonymous_1)","decl":{"start":{"line":13,"column":62},"end":{"line":13,"column":63}},"loc":{"start":{"line":13,"column":68},"end":{"line":13,"column":92}},"line":13},"2":{"name":"(anonymous_2)","decl":{"start":{"line":15,"column":52},"end":{"line":15,"column":53}},"loc":{"start":{"line":15,"column":58},"end":{"line":15,"column":74}},"line":15}},"branchMap":{},"s":{"0":0,"1":0,"2":0,"3":0},"f":{"0":0,"1":0,"2":0},"b":{}}
,"/Users/mitos/IdeaProjects/hw5-Mitchell-Osborn/ricebook/src/ProfileView/ProfileView.js": {"path":"/Users/mitos/IdeaProjects/hw5-Mitchell-Osborn/ricebook/src/ProfileView/ProfileView.js","statementMap":{"0":{"start":{"line":10,"column":19},"end":{"line":10,"column":57}},"1":{"start":{"line":10,"column":42},"end":{"line":10,"column":56}},"2":{"start":{"line":11,"column":20},"end":{"line":11,"column":32}},"3":{"start":{"line":12,"column":4},"end":{"line":14,"column":5}},"4":{"start":{"line":13,"column":8},"end":{"line":13,"column":43}},"5":{"start":{"line":15,"column":28},"end":{"line":15,"column":68}},"6":{"start":{"line":15,"column":50},"end":{"line":15,"column":67}},"7":{"start":{"line":16,"column":4},"end":{"line":16,"column":33}},"8":{"start":{"line":17,"column":38},"end":{"line":17,"column":53}},"9":{"start":{"line":18,"column":30},"end":{"line":18,"column":42}},"10":{"start":{"line":19,"column":34},"end":{"line":19,"column":46}},"11":{"start":{"line":20,"column":46},"end":{"line":20,"column":285}},"12":{"start":{"line":22,"column":21},"end":{"line":32,"column":5}},"13":{"start":{"line":23,"column":8},"end":{"line":26,"column":10}},"14":{"start":{"line":28,"column":8},"end":{"line":31,"column":10}},"15":{"start":{"line":28,"column":31},"end":{"line":31,"column":10}},"16":{"start":{"line":34,"column":25},"end":{"line":50,"column":5}},"17":{"start":{"line":35,"column":8},"end":{"line":35,"column":31}},"18":{"start":{"line":36,"column":30},"end":{"line":36,"column":49}},"19":{"start":{"line":37,"column":26},"end":{"line":37,"column":42}},"20":{"start":{"line":38,"column":8},"end":{"line":47,"column":9}},"21":{"start":{"line":39,"column":12},"end":{"line":39,"column":36}},"22":{"start":{"line":41,"column":13},"end":{"line":47,"column":9}},"23":{"start":{"line":42,"column":12},"end":{"line":42,"column":32}},"24":{"start":{"line":45,"column":12},"end":{"line":45,"column":36}},"25":{"start":{"line":46,"column":12},"end":{"line":46,"column":24}},"26":{"start":{"line":48,"column":8},"end":{"line":48,"column":27}},"27":{"start":{"line":52,"column":30},"end":{"line":55,"column":5}},"28":{"start":{"line":53,"column":25},"end":{"line":53,"column":106}},"29":{"start":{"line":53,"column":84},"end":{"line":53,"column":104}},"30":{"start":{"line":54,"column":8},"end":{"line":54,"column":60}},"31":{"start":{"line":57,"column":27},"end":{"line":63,"column":5}},"32":{"start":{"line":58,"column":47},"end":{"line":58,"column":51}},"33":{"start":{"line":59,"column":26},"end":{"line":59,"column":28}},"34":{"start":{"line":61,"column":8},"end":{"line":61,"column":97}},"35":{"start":{"line":61,"column":58},"end":{"line":61,"column":97}},"36":{"start":{"line":62,"column":8},"end":{"line":62,"column":24}},"37":{"start":{"line":64,"column":26},"end":{"line":71,"column":5}},"38":{"start":{"line":65,"column":8},"end":{"line":65,"column":41}},"39":{"start":{"line":66,"column":8},"end":{"line":68,"column":9}},"40":{"start":{"line":67,"column":12},"end":{"line":67,"column":24}},"41":{"start":{"line":69,"column":8},"end":{"line":69,"column":43}},"42":{"start":{"line":70,"column":8},"end":{"line":70,"column":20}},"43":{"start":{"line":75,"column":4},"end":{"line":220,"column":11}},"44":{"start":{"line":83,"column":94},"end":{"line":83,"column":122}},"45":{"start":{"line":103,"column":35},"end":{"line":103,"column":74}},"46":{"start":{"line":121,"column":35},"end":{"line":121,"column":68}},"47":{"start":{"line":140,"column":35},"end":{"line":140,"column":70}},"48":{"start":{"line":159,"column":35},"end":{"line":159,"column":68}},"49":{"start":{"line":177,"column":35},"end":{"line":177,"column":71}},"50":{"start":{"line":195,"column":35},"end":{"line":195,"column":81}}},"fnMap":{"0":{"name":"ProfileView","decl":{"start":{"line":9,"column":9},"end":{"line":9,"column":20}},"loc":{"start":{"line":9,"column":23},"end":{"line":221,"column":1}},"line":9},"1":{"name":"(anonymous_1)","decl":{"start":{"line":10,"column":31},"end":{"line":10,"column":32}},"loc":{"start":{"line":10,"column":42},"end":{"line":10,"column":56}},"line":10},"2":{"name":"(anonymous_2)","decl":{"start":{"line":15,"column":40},"end":{"line":15,"column":41}},"loc":{"start":{"line":15,"column":50},"end":{"line":15,"column":67}},"line":15},"3":{"name":"(anonymous_3)","decl":{"start":{"line":22,"column":21},"end":{"line":22,"column":22}},"loc":{"start":{"line":22,"column":39},"end":{"line":32,"column":5}},"line":22},"4":{"name":"(anonymous_4)","decl":{"start":{"line":34,"column":25},"end":{"line":34,"column":26}},"loc":{"start":{"line":34,"column":36},"end":{"line":50,"column":5}},"line":34},"5":{"name":"(anonymous_5)","decl":{"start":{"line":52,"column":30},"end":{"line":52,"column":31}},"loc":{"start":{"line":52,"column":40},"end":{"line":55,"column":5}},"line":52},"6":{"name":"(anonymous_6)","decl":{"start":{"line":53,"column":72},"end":{"line":53,"column":73}},"loc":{"start":{"line":53,"column":84},"end":{"line":53,"column":104}},"line":53},"7":{"name":"(anonymous_7)","decl":{"start":{"line":57,"column":27},"end":{"line":57,"column":28}},"loc":{"start":{"line":57,"column":33},"end":{"line":63,"column":5}},"line":57},"8":{"name":"(anonymous_8)","decl":{"start":{"line":64,"column":26},"end":{"line":64,"column":27}},"loc":{"start":{"line":64,"column":40},"end":{"line":71,"column":5}},"line":64},"9":{"name":"(anonymous_9)","decl":{"start":{"line":83,"column":89},"end":{"line":83,"column":90}},"loc":{"start":{"line":83,"column":93},"end":{"line":83,"column":123}},"line":83},"10":{"name":"(anonymous_10)","decl":{"start":{"line":103,"column":30},"end":{"line":103,"column":31}},"loc":{"start":{"line":103,"column":35},"end":{"line":103,"column":74}},"line":103},"11":{"name":"(anonymous_11)","decl":{"start":{"line":121,"column":30},"end":{"line":121,"column":31}},"loc":{"start":{"line":121,"column":35},"end":{"line":121,"column":68}},"line":121},"12":{"name":"(anonymous_12)","decl":{"start":{"line":140,"column":30},"end":{"line":140,"column":31}},"loc":{"start":{"line":140,"column":35},"end":{"line":140,"column":70}},"line":140},"13":{"name":"(anonymous_13)","decl":{"start":{"line":159,"column":30},"end":{"line":159,"column":31}},"loc":{"start":{"line":159,"column":35},"end":{"line":159,"column":68}},"line":159},"14":{"name":"(anonymous_14)","decl":{"start":{"line":177,"column":30},"end":{"line":177,"column":31}},"loc":{"start":{"line":177,"column":35},"end":{"line":177,"column":71}},"line":177},"15":{"name":"(anonymous_15)","decl":{"start":{"line":195,"column":30},"end":{"line":195,"column":31}},"loc":{"start":{"line":195,"column":35},"end":{"line":195,"column":81}},"line":195}},"branchMap":{"0":{"loc":{"start":{"line":12,"column":4},"end":{"line":14,"column":5}},"type":"if","locations":[{"start":{"line":12,"column":4},"end":{"line":14,"column":5}},{"start":{"line":12,"column":4},"end":{"line":14,"column":5}}],"line":12},"1":{"loc":{"start":{"line":28,"column":8},"end":{"line":31,"column":10}},"type":"if","locations":[{"start":{"line":28,"column":8},"end":{"line":31,"column":10}},{"start":{"line":28,"column":8},"end":{"line":31,"column":10}}],"line":28},"2":{"loc":{"start":{"line":38,"column":8},"end":{"line":47,"column":9}},"type":"if","locations":[{"start":{"line":38,"column":8},"end":{"line":47,"column":9}},{"start":{"line":38,"column":8},"end":{"line":47,"column":9}}],"line":38},"3":{"loc":{"start":{"line":41,"column":13},"end":{"line":47,"column":9}},"type":"if","locations":[{"start":{"line":41,"column":13},"end":{"line":47,"column":9}},{"start":{"line":41,"column":13},"end":{"line":47,"column":9}}],"line":41},"4":{"loc":{"start":{"line":53,"column":84},"end":{"line":53,"column":104}},"type":"binary-expr","locations":[{"start":{"line":53,"column":84},"end":{"line":53,"column":93}},{"start":{"line":53,"column":97},"end":{"line":53,"column":104}}],"line":53},"5":{"loc":{"start":{"line":61,"column":8},"end":{"line":61,"column":97}},"type":"if","locations":[{"start":{"line":61,"column":8},"end":{"line":61,"column":97}},{"start":{"line":61,"column":8},"end":{"line":61,"column":97}}],"line":61},"6":{"loc":{"start":{"line":66,"column":8},"end":{"line":68,"column":9}},"type":"if","locations":[{"start":{"line":66,"column":8},"end":{"line":68,"column":9}},{"start":{"line":66,"column":8},"end":{"line":68,"column":9}}],"line":66},"7":{"loc":{"start":{"line":104,"column":29},"end":{"line":104,"column":54}},"type":"binary-expr","locations":[{"start":{"line":104,"column":29},"end":{"line":104,"column":48}},{"start":{"line":104,"column":52},"end":{"line":104,"column":54}}],"line":104},"8":{"loc":{"start":{"line":122,"column":29},"end":{"line":122,"column":48}},"type":"binary-expr","locations":[{"start":{"line":122,"column":29},"end":{"line":122,"column":42}},{"start":{"line":122,"column":46},"end":{"line":122,"column":48}}],"line":122},"9":{"loc":{"start":{"line":141,"column":29},"end":{"line":141,"column":50}},"type":"binary-expr","locations":[{"start":{"line":141,"column":29},"end":{"line":141,"column":44}},{"start":{"line":141,"column":48},"end":{"line":141,"column":50}}],"line":141},"10":{"loc":{"start":{"line":178,"column":29},"end":{"line":178,"column":51}},"type":"binary-expr","locations":[{"start":{"line":178,"column":29},"end":{"line":178,"column":45}},{"start":{"line":178,"column":49},"end":{"line":178,"column":51}}],"line":178},"11":{"loc":{"start":{"line":186,"column":21},"end":{"line":186,"column":97}},"type":"cond-expr","locations":[{"start":{"line":186,"column":49},"end":{"line":186,"column":93}},{"start":{"line":186,"column":95},"end":{"line":186,"column":97}}],"line":186},"12":{"loc":{"start":{"line":196,"column":29},"end":{"line":196,"column":61}},"type":"binary-expr","locations":[{"start":{"line":196,"column":29},"end":{"line":196,"column":55}},{"start":{"line":196,"column":59},"end":{"line":196,"column":61}}],"line":196},"13":{"loc":{"start":{"line":201,"column":21},"end":{"line":201,"column":117}},"type":"cond-expr","locations":[{"start":{"line":201,"column":59},"end":{"line":201,"column":113}},{"start":{"line":201,"column":115},"end":{"line":201,"column":117}}],"line":201}},"s":{"0":0,"1":0,"2":0,"3":0,"4":0,"5":0,"6":0,"7":0,"8":0,"9":0,"10":0,"11":0,"12":0,"13":0,"14":0,"15":0,"16":0,"17":0,"18":0,"19":0,"20":0,"21":0,"22":0,"23":0,"24":0,"25":0,"26":0,"27":0,"28":0,"29":0,"30":0,"31":0,"32":0,"33":0,"34":0,"35":0,"36":0,"37":0,"38":0,"39":0,"40":0,"41":0,"42":0,"43":0,"44":0,"45":0,"46":0,"47":0,"48":0,"49":0,"50":0},"f":{"0":0,"1":0,"2":0,"3":0,"4":0,"5":0,"6":0,"7":0,"8":0,"9":0,"10":0,"11":0,"12":0,"13":0,"14":0,"15":0},"b":{"0":[0,0],"1":[0,0],"2":[0,0],"3":[0,0],"4":[0,0],"5":[0,0],"6":[0,0],"7":[0,0],"8":[0,0],"9":[0,0],"10":[0,0],"11":[0,0],"12":[0,0],"13":[0,0]}}
}
