TN:
SF:src/actions.js
FN:19,addPost
FN:23,getPosts
FN:27,getUsers
FN:31,followUser
FN:35,unfollowUser
FN:39,queryPosts
FN:43,login
FN:47,logout
FN:51,registerUser
FN:55,updateHeadline
FNF:10
FNH:8
FNDA:0,addPost
FNDA:9,getPosts
FNDA:9,getUsers
FNDA:1,followUser
FNDA:1,unfollowUser
FNDA:10,queryPosts
FNDA:8,login
FNDA:1,logout
FNDA:1,registerUser
FNDA:0,updateHeadline
DA:4,1
DA:5,1
DA:6,1
DA:7,1
DA:8,1
DA:9,1
DA:10,1
DA:11,1
DA:12,1
DA:13,1
DA:20,0
DA:24,9
DA:28,9
DA:32,1
DA:36,1
DA:40,10
DA:44,8
DA:48,1
DA:52,1
DA:56,0
LF:20
LH:18
BRF:0
BRH:0
end_of_record
TN:
SF:src/configureStore.js
FN:13,configureStore
FNF:1
FNH:0
FNDA:0,configureStore
DA:6,0
DA:11,0
DA:14,0
DA:15,0
DA:16,0
LF:5
LH:0
BRF:0
BRH:0
end_of_record
TN:
SF:src/index.js
FNF:0
FNH:0
DA:14,0
DA:16,0
DA:41,0
LF:3
LH:0
BRF:0
BRH:0
end_of_record
TN:
SF:src/reducers.js
FN:36,randomDate
FN:42,riceBookReducer
FN:61,(anonymous_2)
FN:72,(anonymous_3)
FN:73,(anonymous_4)
FN:89,(anonymous_5)
FN:93,(anonymous_6)
FN:99,(anonymous_7)
FN:108,(anonymous_8)
FN:113,(anonymous_9)
FN:113,(anonymous_10)
FN:116,(anonymous_11)
FN:116,(anonymous_12)
FN:124,(anonymous_13)
FN:129,(anonymous_14)
FNF:15
FNH:14
FNDA:900,randomDate
FNDA:40,riceBookReducer
FNDA:0,(anonymous_2)
FNDA:205,(anonymous_3)
FNDA:4795,(anonymous_4)
FNDA:90,(anonymous_5)
FNDA:90,(anonymous_6)
FNDA:10,(anonymous_7)
FNDA:3,(anonymous_8)
FNDA:200,(anonymous_9)
FNDA:600,(anonymous_10)
FNDA:800,(anonymous_11)
FNDA:2400,(anonymous_12)
FNDA:60,(anonymous_13)
FNDA:18,(anonymous_14)
DA:15,1
DA:31,1
DA:32,1
DA:37,900
DA:38,900
DA:39,900
DA:40,900
DA:43,40
DA:46,0
DA:47,0
DA:48,0
DA:49,0
DA:50,0
DA:52,9
DA:53,9
DA:54,9
DA:55,9
DA:56,9
DA:57,9
DA:58,900
DA:59,900
DA:61,900
DA:62,90
DA:63,0
DA:65,90
DA:66,90
DA:68,900
DA:72,205
DA:73,4795
DA:76,9
DA:81,9
DA:82,9
DA:83,9
DA:89,9
DA:90,90
DA:91,90
DA:93,9
DA:94,90
DA:97,9
DA:99,10
DA:101,1
DA:102,1
DA:105,0
DA:108,3
DA:109,1
DA:112,10
DA:113,600
DA:116,2400
DA:118,10
DA:120,8
DA:123,6
DA:124,6
DA:125,60
DA:126,6
DA:129,6
DA:130,18
DA:133,6
DA:137,2
DA:141,1
DA:142,0
DA:146,1
DA:147,1
DA:148,1
DA:149,1
DA:150,1
DA:153,0
DA:155,0
DA:158,0
LF:68
LH:57
BRDA:42,0,0,10
BRDA:43,1,0,0
BRDA:43,1,1,9
BRDA:43,1,2,9
BRDA:43,1,3,1
BRDA:43,1,4,1
BRDA:43,1,5,10
BRDA:43,1,6,8
BRDA:43,1,7,1
BRDA:43,1,8,1
BRDA:43,1,9,0
BRDA:43,1,10,0
BRDA:61,2,0,90
BRDA:61,2,1,810
BRDA:62,3,0,0
BRDA:62,3,1,90
BRDA:62,4,0,90
BRDA:62,4,1,0
BRDA:101,5,0,1
BRDA:101,5,1,0
BRDA:101,6,0,1
BRDA:101,6,1,1
BRDA:112,7,0,2
BRDA:112,7,1,8
BRDA:113,8,0,200
BRDA:113,8,1,80
BRDA:113,8,2,79
BRDA:120,9,0,6
BRDA:120,9,1,2
BRDA:120,10,0,8
BRDA:120,10,1,6
BRDA:125,11,0,6
BRDA:125,11,1,54
BRF:33
BRH:27
end_of_record
TN:
SF:src/reportWebVitals.js
FN:1,(anonymous_0)
FN:3,(anonymous_1)
FNF:2
FNH:0
FNDA:0,(anonymous_0)
FNDA:0,(anonymous_1)
DA:1,0
DA:2,0
DA:3,0
DA:4,0
DA:5,0
DA:6,0
DA:7,0
DA:8,0
LF:8
LH:0
BRDA:2,0,0,0
BRDA:2,0,1,0
BRDA:2,1,0,0
BRDA:2,1,1,0
BRF:4
BRH:0
end_of_record
TN:
SF:src/LoginPage/Login.js
FN:6,Login
FN:10,(anonymous_1)
FN:12,(anonymous_2)
FN:15,(anonymous_3)
FN:42,(anonymous_4)
FN:53,(anonymous_5)
FNF:6
FNH:0
FNDA:0,Login
FNDA:0,(anonymous_1)
FNDA:0,(anonymous_2)
FNDA:0,(anonymous_3)
FNDA:0,(anonymous_4)
FNDA:0,(anonymous_5)
DA:7,0
DA:8,0
DA:9,0
DA:10,0
DA:12,0
DA:13,0
DA:15,0
DA:17,0
DA:18,0
DA:19,0
DA:20,0
DA:21,0
DA:23,0
DA:24,0
DA:25,0
DA:32,0
DA:42,0
DA:53,0
LF:18
LH:0
BRDA:24,0,0,0
BRDA:24,0,1,0
BRF:2
BRH:0
end_of_record
TN:
SF:src/LoginPage/LoginPage.js
FN:10,LoginPage
FN:13,(anonymous_1)
FN:14,(anonymous_2)
FN:14,(anonymous_3)
FN:32,(anonymous_4)
FN:43,(anonymous_5)
FNF:6
FNH:0
FNDA:0,LoginPage
FNDA:0,(anonymous_1)
FNDA:0,(anonymous_2)
FNDA:0,(anonymous_3)
FNDA:0,(anonymous_4)
FNDA:0,(anonymous_5)
DA:11,0
DA:13,0
DA:14,0
DA:16,0
DA:21,0
DA:33,0
DA:44,0
LF:7
LH:0
BRF:0
BRH:0
end_of_record
TN:
SF:src/LoginPage/Register.js
FN:6,Register
FN:16,(anonymous_1)
FN:19,(anonymous_2)
FN:30,(anonymous_3)
FN:51,(anonymous_4)
FN:58,(anonymous_5)
FN:60,(anonymous_6)
FN:66,(anonymous_7)
FN:79,(anonymous_8)
FN:99,(anonymous_9)
FN:111,(anonymous_10)
FN:124,(anonymous_11)
FN:134,(anonymous_12)
FN:143,(anonymous_13)
FN:150,(anonymous_14)
FN:159,(anonymous_15)
FN:169,(anonymous_16)
FNF:17
FNH:0
FNDA:0,Register
FNDA:0,(anonymous_1)
FNDA:0,(anonymous_2)
FNDA:0,(anonymous_3)
FNDA:0,(anonymous_4)
FNDA:0,(anonymous_5)
FNDA:0,(anonymous_6)
FNDA:0,(anonymous_7)
FNDA:0,(anonymous_8)
FNDA:0,(anonymous_9)
FNDA:0,(anonymous_10)
FNDA:0,(anonymous_11)
FNDA:0,(anonymous_12)
FNDA:0,(anonymous_13)
FNDA:0,(anonymous_14)
FNDA:0,(anonymous_15)
FNDA:0,(anonymous_16)
DA:7,0
DA:8,0
DA:9,0
DA:10,0
DA:11,0
DA:12,0
DA:13,0
DA:14,0
DA:15,0
DA:16,0
DA:17,0
DA:19,0
DA:20,0
DA:24,0
DA:30,0
DA:31,0
DA:32,0
DA:33,0
DA:34,0
DA:36,0
DA:37,0
DA:38,0
DA:40,0
DA:41,0
DA:42,0
DA:43,0
DA:48,0
DA:51,0
DA:52,0
DA:53,0
DA:55,0
DA:56,0
DA:58,0
DA:60,0
DA:61,0
DA:63,0
DA:66,0
DA:67,0
DA:68,0
DA:69,0
DA:70,0
DA:72,0
DA:73,0
DA:74,0
DA:75,0
DA:77,0
DA:79,0
DA:80,0
DA:81,0
DA:82,0
DA:83,0
DA:85,0
DA:86,0
DA:89,0
DA:99,0
DA:111,0
DA:124,0
DA:134,0
DA:143,0
DA:150,0
DA:160,0
DA:161,0
DA:169,0
LF:63
LH:0
BRDA:24,0,0,0
BRDA:24,0,1,0
BRDA:33,1,0,0
BRDA:33,1,1,0
BRDA:37,2,0,0
BRDA:37,2,1,0
BRDA:40,3,0,0
BRDA:40,3,1,0
BRDA:55,4,0,0
BRDA:55,4,1,0
BRDA:56,5,0,0
BRDA:56,5,1,0
BRDA:58,6,0,0
BRDA:58,6,1,0
BRDA:73,7,0,0
BRDA:73,7,1,0
BRDA:81,8,0,0
BRDA:81,8,1,0
BRF:18
BRH:0
end_of_record
TN:
SF:src/MainView/AddFollower.js
FN:5,AddFollower
FN:8,(anonymous_1)
FN:15,(anonymous_2)
FN:20,(anonymous_3)
FN:26,(anonymous_4)
FNF:5
FNH:0
FNDA:0,AddFollower
FNDA:0,(anonymous_1)
FNDA:0,(anonymous_2)
FNDA:0,(anonymous_3)
FNDA:0,(anonymous_4)
DA:6,0
DA:7,0
DA:8,0
DA:9,0
DA:12,0
DA:15,0
DA:20,0
DA:26,0
LF:8
LH:0
BRDA:15,0,0,0
BRDA:15,0,1,0
BRDA:17,1,0,0
BRDA:17,1,1,0
BRF:4
BRH:0
end_of_record
TN:
SF:src/MainView/AddPost.js
FN:5,AddPost
FN:10,(anonymous_1)
FN:20,(anonymous_2)
FN:32,(anonymous_3)
FN:32,(anonymous_4)
FN:39,(anonymous_5)
FN:47,(anonymous_6)
FNF:7
FNH:0
FNDA:0,AddPost
FNDA:0,(anonymous_1)
FNDA:0,(anonymous_2)
FNDA:0,(anonymous_3)
FNDA:0,(anonymous_4)
FNDA:0,(anonymous_5)
FNDA:0,(anonymous_6)
DA:6,0
DA:7,0
DA:8,0
DA:9,0
DA:10,0
DA:11,0
DA:12,0
DA:13,0
DA:17,0
DA:20,0
DA:32,0
DA:39,0
DA:47,0
LF:13
LH:0
BRDA:12,0,0,0
BRDA:12,0,1,0
BRDA:20,1,0,0
BRDA:20,1,1,0
BRDA:22,2,0,0
BRDA:22,2,1,0
BRF:6
BRH:0
end_of_record
TN:
SF:src/MainView/Comment.js
FN:4,Comment
FNF:1
FNH:0
FNDA:0,Comment
DA:5,0
LF:1
LH:0
BRF:0
BRH:0
end_of_record
TN:
SF:src/MainView/CurrentUser.js
FN:9,CurrentUser
FN:11,(anonymous_1)
FN:12,(anonymous_2)
FN:13,(anonymous_3)
FN:19,(anonymous_4)
FN:49,(anonymous_5)
FN:54,(anonymous_6)
FN:60,(anonymous_7)
FN:70,(anonymous_8)
FN:71,(anonymous_9)
FNF:10
FNH:0
FNDA:0,CurrentUser
FNDA:0,(anonymous_1)
FNDA:0,(anonymous_2)
FNDA:0,(anonymous_3)
FNDA:0,(anonymous_4)
FNDA:0,(anonymous_5)
FNDA:0,(anonymous_6)
FNDA:0,(anonymous_7)
FNDA:0,(anonymous_8)
FNDA:0,(anonymous_9)
DA:10,0
DA:11,0
DA:12,0
DA:13,0
DA:14,0
DA:15,0
DA:16,0
DA:19,0
DA:20,0
DA:21,0
DA:26,0
DA:49,0
DA:54,0
DA:60,0
DA:70,0
DA:71,0
LF:16
LH:0
BRDA:43,0,0,0
BRDA:43,0,1,0
BRDA:49,1,0,0
BRDA:49,1,1,0
BRDA:51,2,0,0
BRDA:51,2,1,0
BRF:6
BRH:0
end_of_record
TN:
SF:src/MainView/FollowedUser.js
FN:3,FollowedUser
FN:27,(anonymous_1)
FNF:2
FNH:0
FNDA:0,FollowedUser
FNDA:0,(anonymous_1)
DA:4,0
DA:27,0
LF:2
LH:0
BRF:0
BRH:0
end_of_record
TN:
SF:src/MainView/FollowedUsersContainer.js
FN:3,FollowedUsersContainer
FN:5,(anonymous_1)
FNF:2
FNH:0
FNDA:0,FollowedUsersContainer
FNDA:0,(anonymous_1)
DA:4,0
DA:5,0
DA:6,0
DA:9,0
LF:4
LH:0
BRF:0
BRH:0
end_of_record
TN:
SF:src/MainView/MainView.js
FN:15,MainView
FN:16,(anonymous_1)
FN:17,(anonymous_2)
FN:18,(anonymous_3)
FN:19,(anonymous_4)
FN:24,(anonymous_5)
FN:29,(anonymous_6)
FN:29,(anonymous_7)
FN:31,(anonymous_8)
FN:31,(anonymous_9)
FN:48,(anonymous_10)
FN:52,(anonymous_11)
FN:57,(anonymous_12)
FN:62,(anonymous_13)
FNF:14
FNH:0
FNDA:0,MainView
FNDA:0,(anonymous_1)
FNDA:0,(anonymous_2)
FNDA:0,(anonymous_3)
FNDA:0,(anonymous_4)
FNDA:0,(anonymous_5)
FNDA:0,(anonymous_6)
FNDA:0,(anonymous_7)
FNDA:0,(anonymous_8)
FNDA:0,(anonymous_9)
FNDA:0,(anonymous_10)
FNDA:0,(anonymous_11)
FNDA:0,(anonymous_12)
FNDA:0,(anonymous_13)
DA:16,0
DA:17,0
DA:18,0
DA:19,0
DA:20,0
DA:21,0
DA:24,0
DA:25,0
DA:26,0
DA:29,0
DA:30,0
DA:31,0
DA:32,0
DA:33,0
DA:48,0
DA:49,0
DA:52,0
DA:53,0
DA:57,0
DA:58,0
DA:62,0
DA:63,0
DA:67,0
LF:23
LH:0
BRDA:25,0,0,0
BRDA:25,0,1,0
BRF:2
BRH:0
end_of_record
TN:
SF:src/MainView/Post.js
FN:7,Post
FN:45,(anonymous_1)
FNF:2
FNH:0
FNDA:0,Post
FNDA:0,(anonymous_1)
DA:5,0
DA:8,0
DA:9,0
DA:10,0
DA:12,0
DA:45,0
LF:6
LH:0
BRDA:9,0,0,0
BRDA:9,0,1,0
BRDA:30,1,0,0
BRDA:30,1,1,0
BRF:4
BRH:0
end_of_record
TN:
SF:src/MainView/PostContainer.js
FN:3,PostContainer
FN:7,(anonymous_1)
FNF:2
FNH:0
FNDA:0,PostContainer
FNDA:0,(anonymous_1)
DA:4,0
DA:6,0
DA:7,0
DA:8,0
DA:12,0
LF:5
LH:0
BRDA:6,0,0,0
BRDA:6,0,1,0
BRDA:6,1,0,0
BRDA:6,1,1,0
BRF:4
BRH:0
end_of_record
TN:
SF:src/MainView/SearchBar.js
FN:4,SearchBar
FN:13,(anonymous_1)
FN:15,(anonymous_2)
FNF:3
FNH:0
FNDA:0,SearchBar
FNDA:0,(anonymous_1)
FNDA:0,(anonymous_2)
DA:5,0
DA:7,0
DA:13,0
DA:15,0
LF:4
LH:0
BRF:0
BRH:0
end_of_record
TN:
SF:src/ProfileView/ProfileView.js
FN:9,ProfileView
FN:10,(anonymous_1)
FN:15,(anonymous_2)
FN:22,(anonymous_3)
FN:34,(anonymous_4)
FN:52,(anonymous_5)
FN:53,(anonymous_6)
FN:57,(anonymous_7)
FN:64,(anonymous_8)
FN:83,(anonymous_9)
FN:103,(anonymous_10)
FN:121,(anonymous_11)
FN:140,(anonymous_12)
FN:159,(anonymous_13)
FN:177,(anonymous_14)
FN:195,(anonymous_15)
FNF:16
FNH:0
FNDA:0,ProfileView
FNDA:0,(anonymous_1)
FNDA:0,(anonymous_2)
FNDA:0,(anonymous_3)
FNDA:0,(anonymous_4)
FNDA:0,(anonymous_5)
FNDA:0,(anonymous_6)
FNDA:0,(anonymous_7)
FNDA:0,(anonymous_8)
FNDA:0,(anonymous_9)
FNDA:0,(anonymous_10)
FNDA:0,(anonymous_11)
FNDA:0,(anonymous_12)
FNDA:0,(anonymous_13)
FNDA:0,(anonymous_14)
FNDA:0,(anonymous_15)
DA:10,0
DA:11,0
DA:12,0
DA:13,0
DA:15,0
DA:16,0
DA:17,0
DA:18,0
DA:19,0
DA:20,0
DA:22,0
DA:23,0
DA:28,0
DA:34,0
DA:35,0
DA:36,0
DA:37,0
DA:38,0
DA:39,0
DA:41,0
DA:42,0
DA:45,0
DA:46,0
DA:48,0
DA:52,0
DA:53,0
DA:54,0
DA:57,0
DA:58,0
DA:59,0
DA:61,0
DA:62,0
DA:64,0
DA:65,0
DA:66,0
DA:67,0
DA:69,0
DA:70,0
DA:75,0
DA:83,0
DA:103,0
DA:121,0
DA:140,0
DA:159,0
DA:177,0
DA:195,0
LF:46
LH:0
BRDA:12,0,0,0
BRDA:12,0,1,0
BRDA:28,1,0,0
BRDA:28,1,1,0
BRDA:38,2,0,0
BRDA:38,2,1,0
BRDA:41,3,0,0
BRDA:41,3,1,0
BRDA:53,4,0,0
BRDA:53,4,1,0
BRDA:61,5,0,0
BRDA:61,5,1,0
BRDA:66,6,0,0
BRDA:66,6,1,0
BRDA:104,7,0,0
BRDA:104,7,1,0
BRDA:122,8,0,0
BRDA:122,8,1,0
BRDA:141,9,0,0
BRDA:141,9,1,0
BRDA:178,10,0,0
BRDA:178,10,1,0
BRDA:186,11,0,0
BRDA:186,11,1,0
BRDA:196,12,0,0
BRDA:196,12,1,0
BRDA:201,13,0,0
BRDA:201,13,1,0
BRF:28
BRH:0
end_of_record
